<?xml version="1.0" encoding="UTF-8" standalone="yes"?><!DOCTYPE report PUBLIC "-//JACOCO//DTD Report 1.1//EN" "report.dtd"><report name="Projeto Livraria"><sessioninfo id="notegiu-b78b982f" start="1778795246800" dump="1778795396932"/><package name="com/livraria/front/controller"><class name="com/livraria/front/controller/LivroController" sourcefilename="LivroController.java"><method name="&lt;init&gt;" desc="()V" line="15"><counter type="INSTRUCTION" missed="0" covered="3"/><counter type="LINE" missed="0" covered="1"/><counter type="COMPLEXITY" missed="0" covered="1"/><counter type="METHOD" missed="0" covered="1"/></method><method name="getUsuarioLogado" desc="(Ljakarta/servlet/http/HttpSession;)Lcom/livraria/entity/Usuario;" line="21"><counter type="INSTRUCTION" missed="0" covered="5"/><counter type="LINE" missed="0" covered="1"/><counter type="COMPLEXITY" missed="0" covered="1"/><counter type="METHOD" missed="0" covered="1"/></method><method name="home" desc="(Lorg/springframework/ui/Model;Ljakarta/servlet/http/HttpSession;)Ljava/lang/String;" line="26"><counter type="INSTRUCTION" missed="0" covered="19"/><counter type="BRANCH" missed="0" covered="2"/><counter type="LINE" missed="0" covered="5"/><counter type="COMPLEXITY" missed="0" covered="2"/><counter type="METHOD" missed="0" covered="1"/></method><method name="novoLivro" desc="(Lorg/springframework/ui/Model;Ljakarta/servlet/http/HttpSession;)Ljava/lang/String;" line="38"><counter type="INSTRUCTION" missed="0" covered="17"/><counter type="BRANCH" missed="0" covered="2"/><counter type="LINE" missed="0" covered="5"/><counter type="COMPLEXITY" missed="0" covered="2"/><counter type="METHOD" missed="0" covered="1"/></method><method name="salvar" desc="(Lcom/livraria/entity/Livro;Ljakarta/servlet/http/HttpSession;Lorg/springframework/ui/Model;)Ljava/lang/String;" line="53"><counter type="INSTRUCTION" missed="0" covered="33"/><counter type="BRANCH" missed="0" covered="2"/><counter type="LINE" missed="0" covered="10"/><counter type="COMPLEXITY" missed="0" covered="2"/><counter type="METHOD" missed="0" covered="1"/></method><method name="editar" desc="(Ljava/lang/String;Lorg/springframework/ui/Model;Ljakarta/servlet/http/HttpSession;)Ljava/lang/String;" line="78"><counter type="INSTRUCTION" missed="0" covered="22"/><counter type="BRANCH" missed="0" covered="2"/><counter type="LINE" missed="0" covered="7"/><counter type="COMPLEXITY" missed="0" covered="2"/><counter type="METHOD" missed="0" covered="1"/></method><method name="atualizar" desc="(Ljava/lang/String;Lcom/livraria/entity/Livro;Ljakarta/servlet/http/HttpSession;Lorg/springframework/ui/Model;)Ljava/lang/String;" line="99"><counter type="INSTRUCTION" missed="0" covered="44"/><counter type="BRANCH" missed="0" covered="2"/><counter type="LINE" missed="0" covered="13"/><counter type="COMPLEXITY" missed="0" covered="2"/><counter type="METHOD" missed="0" covered="1"/></method><method name="deletar" desc="(Ljava/lang/String;Ljakarta/servlet/http/HttpSession;)Ljava/lang/String;" line="130"><counter type="INSTRUCTION" missed="0" covered="21"/><counter type="BRANCH" missed="0" covered="2"/><counter type="LINE" missed="0" covered="7"/><counter type="COMPLEXITY" missed="0" covered="2"/><counter type="METHOD" missed="0" covered="1"/></method><method name="lambda$deletar$5" desc="(Ljava/lang/String;Lcom/livraria/entity/Livro;)V" line="138"><counter type="INSTRUCTION" missed="0" covered="6"/><counter type="LINE" missed="0" covered="1"/><counter type="COMPLEXITY" missed="0" covered="1"/><counter type="METHOD" missed="0" covered="1"/></method><method name="lambda$deletar$4" desc="(Lcom/livraria/entity/Usuario;Lcom/livraria/entity/Livro;)Z" line="137"><counter type="INSTRUCTION" missed="0" covered="6"/><counter type="LINE" missed="0" covered="1"/><counter type="COMPLEXITY" missed="0" covered="1"/><counter type="METHOD" missed="0" covered="1"/></method><method name="lambda$atualizar$3" desc="(Lcom/livraria/entity/Livro;Lcom/livraria/entity/Usuario;Ljava/lang/String;Lcom/livraria/entity/Livro;)V" line="109"><counter type="INSTRUCTION" missed="0" covered="11"/><counter type="LINE" missed="0" covered="3"/><counter type="COMPLEXITY" missed="0" covered="1"/><counter type="METHOD" missed="0" covered="1"/></method><method name="lambda$atualizar$2" desc="(Lcom/livraria/entity/Usuario;Lcom/livraria/entity/Livro;)Z" line="107"><counter type="INSTRUCTION" missed="0" covered="6"/><counter type="LINE" missed="0" covered="1"/><counter type="COMPLEXITY" missed="0" covered="1"/><counter type="METHOD" missed="0" covered="1"/></method><method name="lambda$editar$1" desc="(Lorg/springframework/ui/Model;Lcom/livraria/entity/Livro;)Ljava/lang/String;" line="87"><counter type="INSTRUCTION" missed="0" covered="7"/><counter type="LINE" missed="0" covered="2"/><counter type="COMPLEXITY" missed="0" covered="1"/><counter type="METHOD" missed="0" covered="1"/></method><method name="lambda$editar$0" desc="(Lcom/livraria/entity/Usuario;Lcom/livraria/entity/Livro;)Z" line="85"><counter type="INSTRUCTION" missed="0" covered="6"/><counter type="LINE" missed="0" covered="1"/><counter type="COMPLEXITY" missed="0" covered="1"/><counter type="METHOD" missed="0" covered="1"/></method><counter type="INSTRUCTION" missed="0" covered="206"/><counter type="BRANCH" missed="0" covered="12"/><counter type="LINE" missed="0" covered="54"/><counter type="COMPLEXITY" missed="0" covered="20"/><counter type="METHOD" missed="0" covered="14"/><counter type="CLASS" missed="0" covered="1"/></class><class name="com/livraria/front/controller/UsuarioController" sourcefilename="UsuarioController.java"><method name="&lt;init&gt;" desc="()V" line="14"><counter type="INSTRUCTION" missed="0" covered="3"/><counter type="LINE" missed="0" covered="1"/><counter type="COMPLEXITY" missed="0" covered="1"/><counter type="METHOD" missed="0" covered="1"/></method><method name="loginPage" desc="(Lorg/springframework/ui/Model;)Ljava/lang/String;" line="21"><counter type="INSTRUCTION" missed="0" covered="9"/><counter type="LINE" missed="0" covered="2"/><counter type="COMPLEXITY" missed="0" covered="1"/><counter type="METHOD" missed="0" covered="1"/></method><method name="login" desc="(Lcom/livraria/entity/Usuario;Ljakarta/servlet/http/HttpSession;Lorg/springframework/ui/Model;)Ljava/lang/String;" line="30"><counter type="INSTRUCTION" missed="0" covered="15"/><counter type="LINE" missed="0" covered="5"/><counter type="COMPLEXITY" missed="0" covered="1"/><counter type="METHOD" missed="0" covered="1"/></method><method name="cadastroPage" desc="(Lorg/springframework/ui/Model;)Ljava/lang/String;" line="51"><counter type="INSTRUCTION" missed="0" covered="9"/><counter type="LINE" missed="0" covered="2"/><counter type="COMPLEXITY" missed="0" covered="1"/><counter type="METHOD" missed="0" covered="1"/></method><method name="cadastrar" desc="(Lcom/livraria/entity/Usuario;Lorg/springframework/ui/Model;)Ljava/lang/String;" line="60"><counter type="INSTRUCTION" missed="0" covered="21"/><counter type="LINE" missed="0" covered="6"/><counter type="COMPLEXITY" missed="0" covered="1"/><counter type="METHOD" missed="0" covered="1"/></method><method name="logout" desc="(Ljakarta/servlet/http/HttpSession;)Ljava/lang/String;" line="72"><counter type="INSTRUCTION" missed="0" covered="4"/><counter type="LINE" missed="0" covered="2"/><counter type="COMPLEXITY" missed="0" covered="1"/><counter type="METHOD" missed="0" covered="1"/></method><method name="lambda$login$1" desc="(Lorg/springframework/ui/Model;)Ljava/lang/String;" line="42"><counter type="INSTRUCTION" missed="0" covered="14"/><counter type="LINE" missed="0" covered="3"/><counter type="COMPLEXITY" missed="0" covered="1"/><counter type="METHOD" missed="0" covered="1"/></method><method name="lambda$login$0" desc="(Ljakarta/servlet/http/HttpSession;Lcom/livraria/entity/Usuario;)Ljava/lang/String;" line="35"><counter type="INSTRUCTION" missed="0" covered="9"/><counter type="LINE" missed="0" covered="3"/><counter type="COMPLEXITY" missed="0" covered="1"/><counter type="METHOD" missed="0" covered="1"/></method><counter type="INSTRUCTION" missed="0" covered="84"/><counter type="LINE" missed="0" covered="24"/><counter type="COMPLEXITY" missed="0" covered="8"/><counter type="METHOD" missed="0" covered="8"/><counter type="CLASS" missed="0" covered="1"/></class><sourcefile name="LivroController.java"><line nr="15" mi="0" ci="3" mb="0" cb="0"/><line nr="21" mi="0" ci="5" mb="0" cb="0"/><line nr="26" mi="0" ci="4" mb="0" cb="0"/><line nr="28" mi="0" ci="2" mb="0" cb="2"/><line nr="29" mi="0" ci="2" mb="0" cb="0"/><line nr="32" mi="0" ci="9" mb="0" cb="0"/><line nr="33" mi="0" ci="2" mb="0" cb="0"/><line nr="38" mi="0" ci="4" mb="0" cb="0"/><line nr="40" mi="0" ci="2" mb="0" cb="2"/><line nr="41" mi="0" ci="2" mb="0" cb="0"/><line nr="44" mi="0" ci="7" mb="0" cb="0"/><line nr="45" mi="0" ci="2" mb="0" cb="0"/><line nr="53" mi="0" ci="4" mb="0" cb="0"/><line nr="55" mi="0" ci="2" mb="0" cb="2"/><line nr="56" mi="0" ci="2" mb="0" cb="0"/><line nr="60" mi="0" ci="4" mb="0" cb="0"/><line nr="61" mi="0" ci="5" mb="0" cb="0"/><line nr="63" mi="0" ci="2" mb="0" cb="0"/><line nr="65" mi="0" ci="1" mb="0" cb="0"/><line nr="66" mi="0" ci="6" mb="0" cb="0"/><line nr="67" mi="0" ci="5" mb="0" cb="0"/><line nr="69" mi="0" ci="2" mb="0" cb="0"/><line nr="78" mi="0" ci="4" mb="0" cb="0"/><line nr="80" mi="0" ci="2" mb="0" cb="2"/><line nr="81" mi="0" ci="2" mb="0" cb="0"/><line nr="84" mi="0" ci="7" mb="0" cb="0"/><line nr="85" mi="0" ci="9" mb="0" cb="0"/><line nr="86" mi="0" ci="2" mb="0" cb="0"/><line nr="87" mi="0" ci="5" mb="0" cb="0"/><line nr="88" mi="0" ci="2" mb="0" cb="0"/><line nr="90" mi="0" ci="2" mb="0" cb="0"/><line nr="99" mi="0" ci="4" mb="0" cb="0"/><line nr="101" mi="0" ci="2" mb="0" cb="2"/><line nr="102" mi="0" ci="2" mb="0" cb="0"/><line nr="106" mi="0" ci="6" mb="0" cb="0"/><line nr="107" mi="0" ci="12" mb="0" cb="0"/><line nr="108" mi="0" ci="1" mb="0" cb="0"/><line nr="109" mi="0" ci="4" mb="0" cb="0"/><line nr="110" mi="0" ci="6" mb="0" cb="0"/><line nr="111" mi="0" ci="1" mb="0" cb="0"/><line nr="113" mi="0" ci="2" mb="0" cb="0"/><line nr="115" mi="0" ci="1" mb="0" cb="0"/><line nr="116" mi="0" ci="3" mb="0" cb="0"/><line nr="117" mi="0" ci="4" mb="0" cb="0"/><line nr="119" mi="0" ci="6" mb="0" cb="0"/><line nr="120" mi="0" ci="5" mb="0" cb="0"/><line nr="122" mi="0" ci="2" mb="0" cb="0"/><line nr="130" mi="0" ci="4" mb="0" cb="0"/><line nr="132" mi="0" ci="2" mb="0" cb="2"/><line nr="133" mi="0" ci="2" mb="0" cb="0"/><line nr="136" mi="0" ci="6" mb="0" cb="0"/><line nr="137" mi="0" ci="10" mb="0" cb="0"/><line nr="138" mi="0" ci="7" mb="0" cb="0"/><line nr="140" mi="0" ci="2" mb="0" cb="0"/><counter type="INSTRUCTION" missed="0" covered="206"/><counter type="BRANCH" missed="0" covered="12"/><counter type="LINE" missed="0" covered="54"/><counter type="COMPLEXITY" missed="0" covered="20"/><counter type="METHOD" missed="0" covered="14"/><counter type="CLASS" missed="0" covered="1"/></sourcefile><sourcefile name="UsuarioController.java"><line nr="14" mi="0" ci="3" mb="0" cb="0"/><line nr="21" mi="0" ci="7" mb="0" cb="0"/><line nr="22" mi="0" ci="2" mb="0" cb="0"/><line nr="30" mi="0" ci="7" mb="0" cb="0"/><line nr="31" mi="0" ci="2" mb="0" cb="0"/><line nr="32" mi="0" ci="1" mb="0" cb="0"/><line nr="33" mi="0" ci="3" mb="0" cb="0"/><line nr="35" mi="0" ci="3" mb="0" cb="0"/><line nr="36" mi="0" ci="4" mb="0" cb="0"/><line nr="38" mi="0" ci="2" mb="0" cb="0"/><line nr="40" mi="0" ci="2" mb="0" cb="0"/><line nr="42" mi="0" ci="5" mb="0" cb="0"/><line nr="43" mi="0" ci="7" mb="0" cb="0"/><line nr="45" mi="0" ci="2" mb="0" cb="0"/><line nr="51" mi="0" ci="7" mb="0" cb="0"/><line nr="52" mi="0" ci="2" mb="0" cb="0"/><line nr="60" mi="0" ci="5" mb="0" cb="0"/><line nr="61" mi="0" ci="2" mb="0" cb="0"/><line nr="63" mi="0" ci="1" mb="0" cb="0"/><line nr="64" mi="0" ci="6" mb="0" cb="0"/><line nr="65" mi="0" ci="5" mb="0" cb="0"/><line nr="66" mi="0" ci="2" mb="0" cb="0"/><line nr="72" mi="0" ci="2" mb="0" cb="0"/><line nr="73" mi="0" ci="2" mb="0" cb="0"/><counter type="INSTRUCTION" missed="0" covered="84"/><counter type="LINE" missed="0" covered="24"/><counter type="COMPLEXITY" missed="0" covered="8"/><counter type="METHOD" missed="0" covered="8"/><counter type="CLASS" missed="0" covered="1"/></sourcefile><counter type="INSTRUCTION" missed="0" covered="290"/><counter type="BRANCH" missed="0" covered="12"/><counter type="LINE" missed="0" covered="78"/><counter type="COMPLEXITY" missed="0" covered="28"/><counter type="METHOD" missed="0" covered="22"/><counter type="CLASS" missed="0" covered="2"/></package><package name="com/livraria/api/service"><class name="com/livraria/api/service/UsuarioService" sourcefilename="UsuarioService.java"><method name="&lt;init&gt;" desc="()V" line="13"><counter type="INSTRUCTION" missed="0" covered="8"/><counter type="LINE" missed="0" covered="2"/><counter type="COMPLEXITY" missed="0" covered="1"/><counter type="METHOD" missed="0" covered="1"/></method><method name="salvar" desc="(Lcom/livraria/entity/Usuario;)Lcom/livraria/entity/Usuario;" line="21"><counter type="INSTRUCTION" missed="0" covered="28"/><counter type="BRANCH" missed="0" covered="2"/><counter type="LINE" missed="0" covered="5"/><counter type="COMPLEXITY" missed="0" covered="2"/><counter type="METHOD" missed="0" covered="1"/></method><method name="listar" desc="()Ljava/util/List;" line="33"><counter type="INSTRUCTION" missed="0" covered="4"/><counter type="LINE" missed="0" covered="1"/><counter type="COMPLEXITY" missed="0" covered="1"/><counter type="METHOD" missed="0" covered="1"/></method><method name="buscarPorId" desc="(Ljava/lang/String;)Ljava/util/Optional;" line="37"><counter type="INSTRUCTION" missed="0" covered="5"/><counter type="LINE" missed="0" covered="1"/><counter type="COMPLEXITY" missed="0" covered="1"/><counter type="METHOD" missed="0" covered="1"/></method><method name="atualizar" desc="(Ljava/lang/String;Lcom/livraria/entity/Usuario;)Ljava/util/Optional;" line="41"><counter type="INSTRUCTION" missed="0" covered="9"/><counter type="LINE" missed="0" covered="1"/><counter type="COMPLEXITY" missed="0" covered="1"/><counter type="METHOD" missed="0" covered="1"/></method><method name="deletar" desc="(Ljava/lang/String;)Z" line="67"><counter type="INSTRUCTION" missed="0" covered="13"/><counter type="BRANCH" missed="0" covered="2"/><counter type="LINE" missed="0" covered="4"/><counter type="COMPLEXITY" missed="0" covered="2"/><counter type="METHOD" missed="0" covered="1"/></method><method name="login" desc="(Ljava/lang/String;Ljava/lang/String;)Ljava/util/Optional;" line="76"><counter type="INSTRUCTION" missed="2" covered="31"/><counter type="BRANCH" missed="4" covered="8"/><counter type="LINE" missed="1" covered="5"/><counter type="COMPLEXITY" missed="4" covered="3"/><counter type="METHOD" missed="0" covered="1"/></method><method name="validarCadastro" desc="(Lcom/livraria/entity/Usuario;)V" line="90"><counter type="INSTRUCTION" missed="0" covered="16"/><counter type="BRANCH" missed="1" covered="3"/><counter type="LINE" missed="0" covered="4"/><counter type="COMPLEXITY" missed="1" covered="2"/><counter type="METHOD" missed="0" covered="1"/></method><method name="validarAtualizacao" desc="(Lcom/livraria/entity/Usuario;)V" line="98"><counter type="INSTRUCTION" missed="0" covered="4"/><counter type="LINE" missed="0" covered="2"/><counter type="COMPLEXITY" missed="0" covered="1"/><counter type="METHOD" missed="0" covered="1"/></method><method name="validarDadosBasicos" desc="(Lcom/livraria/entity/Usuario;)V" line="102"><counter type="INSTRUCTION" missed="0" covered="73"/><counter type="BRANCH" missed="6" covered="18"/><counter type="LINE" missed="0" covered="13"/><counter type="COMPLEXITY" missed="6" covered="7"/><counter type="METHOD" missed="0" covered="1"/></method><method name="lambda$atualizar$0" desc="(Lcom/livraria/entity/Usuario;Lcom/livraria/entity/Usuario;)Lcom/livraria/entity/Usuario;" line="43"><counter type="INSTRUCTION" missed="5" covered="60"/><counter type="BRANCH" missed="4" covered="4"/><counter type="LINE" missed="1" covered="13"/><counter type="COMPLEXITY" missed="4" covered="1"/><counter type="METHOD" missed="0" covered="1"/></method><counter type="INSTRUCTION" missed="7" covered="251"/><counter type="BRANCH" missed="15" covered="37"/><counter type="LINE" missed="2" covered="51"/><counter type="COMPLEXITY" missed="15" covered="22"/><counter type="METHOD" missed="0" covered="11"/><counter type="CLASS" missed="0" covered="1"/></class><class name="com/livraria/api/service/LivroService" sourcefilename="LivroService.java"><method name="&lt;init&gt;" desc="()V" line="12"><counter type="INSTRUCTION" missed="0" covered="3"/><counter type="LINE" missed="0" covered="1"/><counter type="COMPLEXITY" missed="0" covered="1"/><counter type="METHOD" missed="0" covered="1"/></method><method name="salvar" desc="(Lcom/livraria/entity/Livro;)Lcom/livraria/entity/Livro;" line="18"><counter type="INSTRUCTION" missed="0" covered="9"/><counter type="LINE" missed="0" covered="2"/><counter type="COMPLEXITY" missed="0" covered="1"/><counter type="METHOD" missed="0" covered="1"/></method><method name="listarPorUsuario" desc="(Ljava/lang/String;)Ljava/util/List;" line="23"><counter type="INSTRUCTION" missed="0" covered="5"/><counter type="LINE" missed="0" covered="1"/><counter type="COMPLEXITY" missed="0" covered="1"/><counter type="METHOD" missed="0" covered="1"/></method><method name="buscarPorId" desc="(Ljava/lang/String;)Ljava/util/Optional;" line="27"><counter type="INSTRUCTION" missed="0" covered="5"/><counter type="LINE" missed="0" covered="1"/><counter type="COMPLEXITY" missed="0" covered="1"/><counter type="METHOD" missed="0" covered="1"/></method><method name="atualizar" desc="(Ljava/lang/String;Lcom/livraria/entity/Livro;)Ljava/util/Optional;" line="31"><counter type="INSTRUCTION" missed="0" covered="12"/><counter type="LINE" missed="0" covered="2"/><counter type="COMPLEXITY" missed="0" covered="1"/><counter type="METHOD" missed="0" covered="1"/></method><method name="deletar" desc="(Ljava/lang/String;)Z" line="40"><counter type="INSTRUCTION" missed="0" covered="13"/><counter type="LINE" missed="0" covered="3"/><counter type="COMPLEXITY" missed="0" covered="1"/><counter type="METHOD" missed="0" covered="1"/></method><method name="atualizarCampos" desc="(Lcom/livraria/entity/Livro;Lcom/livraria/entity/Livro;)V" line="49"><counter type="INSTRUCTION" missed="0" covered="21"/><counter type="LINE" missed="0" covered="6"/><counter type="COMPLEXITY" missed="0" covered="1"/><counter type="METHOD" missed="0" covered="1"/></method><method name="validar" desc="(Lcom/livraria/entity/Livro;)V" line="57"><counter type="INSTRUCTION" missed="0" covered="25"/><counter type="BRANCH" missed="2" covered="6"/><counter type="LINE" missed="0" covered="5"/><counter type="COMPLEXITY" missed="2" covered="3"/><counter type="METHOD" missed="0" covered="1"/></method><method name="lambda$deletar$1" desc="(Lcom/livraria/entity/Livro;)Ljava/lang/Boolean;" line="42"><counter type="INSTRUCTION" missed="0" covered="7"/><counter type="LINE" missed="0" covered="2"/><counter type="COMPLEXITY" missed="0" covered="1"/><counter type="METHOD" missed="0" covered="1"/></method><method name="lambda$atualizar$0" desc="(Lcom/livraria/entity/Livro;Lcom/livraria/entity/Livro;)Lcom/livraria/entity/Livro;" line="34"><counter type="INSTRUCTION" missed="0" covered="10"/><counter type="LINE" missed="0" covered="2"/><counter type="COMPLEXITY" missed="0" covered="1"/><counter type="METHOD" missed="0" covered="1"/></method><counter type="INSTRUCTION" missed="0" covered="110"/><counter type="BRANCH" missed="2" covered="6"/><counter type="LINE" missed="0" covered="25"/><counter type="COMPLEXITY" missed="2" covered="12"/><counter type="METHOD" missed="0" covered="10"/><counter type="CLASS" missed="0" covered="1"/></class><class name="com/livraria/api/service/ViaCepService" sourcefilename="ViaCepService.java"><method name="&lt;init&gt;" desc="()V" line="15"><counter type="INSTRUCTION" missed="0" covered="16"/><counter type="LINE" missed="0" covered="5"/><counter type="COMPLEXITY" missed="0" covered="1"/><counter type="METHOD" missed="0" covered="1"/></method><method name="&lt;init&gt;" desc="(Lokhttp3/OkHttpClient;)V" line="15"><counter type="INSTRUCTION" missed="14" covered="0"/><counter type="LINE" missed="5" covered="0"/><counter type="COMPLEXITY" missed="1" covered="0"/><counter type="METHOD" missed="1" covered="0"/></method><method name="setBaseUrl" desc="(Ljava/lang/String;)V" line="31"><counter type="INSTRUCTION" missed="0" covered="4"/><counter type="LINE" missed="0" covered="2"/><counter type="COMPLEXITY" missed="0" covered="1"/><counter type="METHOD" missed="0" covered="1"/></method><method name="buscarCep" desc="(Ljava/lang/String;)Lcom/livraria/entity/ViaCepResponse;" line="36"><counter type="INSTRUCTION" missed="10" covered="65"/><counter type="BRANCH" missed="5" covered="7"/><counter type="LINE" missed="2" covered="16"/><counter type="COMPLEXITY" missed="5" covered="2"/><counter type="METHOD" missed="0" covered="1"/></method><counter type="INSTRUCTION" missed="24" covered="85"/><counter type="BRANCH" missed="5" covered="7"/><counter type="LINE" missed="6" covered="23"/><counter type="COMPLEXITY" missed="6" covered="4"/><counter type="METHOD" missed="1" covered="3"/><counter type="CLASS" missed="0" covered="1"/></class><sourcefile name="LivroService.java"><line nr="12" mi="0" ci="3" mb="0" cb="0"/><line nr="18" mi="0" ci="3" mb="0" cb="0"/><line nr="19" mi="0" ci="6" mb="0" cb="0"/><line nr="23" mi="0" ci="5" mb="0" cb="0"/><line nr="27" mi="0" ci="5" mb="0" cb="0"/><line nr="31" mi="0" ci="3" mb="0" cb="0"/><line nr="33" mi="0" ci="9" mb="0" cb="0"/><line nr="34" mi="0" ci="4" mb="0" cb="0"/><line nr="35" mi="0" ci="6" mb="0" cb="0"/><line nr="40" mi="0" ci="7" mb="0" cb="0"/><line nr="41" mi="0" ci="2" mb="0" cb="0"/><line nr="42" mi="0" ci="4" mb="0" cb="0"/><line nr="43" mi="0" ci="3" mb="0" cb="0"/><line nr="45" mi="0" ci="4" mb="0" cb="0"/><line nr="49" mi="0" ci="4" mb="0" cb="0"/><line nr="50" mi="0" ci="4" mb="0" cb="0"/><line nr="51" mi="0" ci="4" mb="0" cb="0"/><line nr="52" mi="0" ci="4" mb="0" cb="0"/><line nr="53" mi="0" ci="4" mb="0" cb="0"/><line nr="54" mi="0" ci="1" mb="0" cb="0"/><line nr="57" mi="0" ci="7" mb="1" cb="3"/><line nr="58" mi="0" ci="5" mb="0" cb="0"/><line nr="61" mi="0" ci="7" mb="1" cb="3"/><line nr="62" mi="0" ci="5" mb="0" cb="0"/><line nr="64" mi="0" ci="1" mb="0" cb="0"/><counter type="INSTRUCTION" missed="0" covered="110"/><counter type="BRANCH" missed="2" covered="6"/><counter type="LINE" missed="0" covered="25"/><counter type="COMPLEXITY" missed="2" covered="12"/><counter type="METHOD" missed="0" covered="10"/><counter type="CLASS" missed="0" covered="1"/></sourcefile><sourcefile name="UsuarioService.java"><line nr="13" mi="0" ci="2" mb="0" cb="0"/><line nr="18" mi="0" ci="6" mb="0" cb="0"/><line nr="21" mi="0" ci="3" mb="0" cb="0"/><line nr="23" mi="0" ci="7" mb="0" cb="2"/><line nr="24" mi="0" ci="5" mb="0" cb="0"/><line nr="27" mi="0" ci="7" mb="0" cb="0"/><line nr="29" mi="0" ci="6" mb="0" cb="0"/><line nr="33" mi="0" ci="4" mb="0" cb="0"/><line nr="37" mi="0" ci="5" mb="0" cb="0"/><line nr="41" mi="0" ci="9" mb="0" cb="0"/><line nr="43" mi="0" ci="3" mb="0" cb="0"/><line nr="45" mi="0" ci="9" mb="1" cb="1"/><line nr="46" mi="0" ci="4" mb="1" cb="1"/><line nr="47" mi="5" ci="0" mb="0" cb="0"/><line nr="50" mi="0" ci="4" mb="0" cb="0"/><line nr="51" mi="0" ci="4" mb="0" cb="0"/><line nr="52" mi="0" ci="4" mb="0" cb="0"/><line nr="53" mi="0" ci="4" mb="0" cb="0"/><line nr="54" mi="0" ci="4" mb="0" cb="0"/><line nr="55" mi="0" ci="4" mb="0" cb="0"/><line nr="57" mi="0" ci="4" mb="1" cb="1"/><line nr="58" mi="0" ci="3" mb="1" cb="1"/><line nr="59" mi="0" ci="7" mb="0" cb="0"/><line nr="62" mi="0" ci="6" mb="0" cb="0"/><line nr="67" mi="0" ci="5" mb="0" cb="2"/><line nr="68" mi="0" ci="4" mb="0" cb="0"/><line nr="69" mi="0" ci="2" mb="0" cb="0"/><line nr="72" mi="0" ci="2" mb="0" cb="0"/><line nr="76" mi="0" ci="10" mb="4" cb="4"/><line nr="77" mi="2" ci="0" mb="0" cb="0"/><line nr="80" mi="0" ci="5" mb="0" cb="0"/><line nr="82" mi="0" ci="12" mb="0" cb="4"/><line nr="83" mi="0" ci="2" mb="0" cb="0"/><line nr="86" mi="0" ci="2" mb="0" cb="0"/><line nr="90" mi="0" ci="3" mb="0" cb="0"/><line nr="92" mi="0" ci="7" mb="1" cb="3"/><line nr="93" mi="0" ci="5" mb="0" cb="0"/><line nr="95" mi="0" ci="1" mb="0" cb="0"/><line nr="98" mi="0" ci="3" mb="0" cb="0"/><line nr="99" mi="0" ci="1" mb="0" cb="0"/><line nr="102" mi="0" ci="7" mb="1" cb="3"/><line nr="103" mi="0" ci="5" mb="0" cb="0"/><line nr="106" mi="0" ci="7" mb="1" cb="3"/><line nr="107" mi="0" ci="5" mb="0" cb="0"/><line nr="110" mi="0" ci="7" mb="1" cb="3"/><line nr="111" mi="0" ci="5" mb="0" cb="0"/><line nr="114" mi="0" ci="7" mb="1" cb="3"/><line nr="115" mi="0" ci="5" mb="0" cb="0"/><line nr="118" mi="0" ci="7" mb="1" cb="3"/><line nr="119" mi="0" ci="5" mb="0" cb="0"/><line nr="122" mi="0" ci="7" mb="1" cb="3"/><line nr="123" mi="0" ci="5" mb="0" cb="0"/><line nr="125" mi="0" ci="1" mb="0" cb="0"/><counter type="INSTRUCTION" missed="7" covered="251"/><counter type="BRANCH" missed="15" covered="37"/><counter type="LINE" missed="2" covered="51"/><counter type="COMPLEXITY" missed="15" covered="22"/><counter type="METHOD" missed="0" covered="11"/><counter type="CLASS" missed="0" covered="1"/></sourcefile><sourcefile name="ViaCepService.java"><line nr="15" mi="3" ci="3" mb="0" cb="0"/><line nr="20" mi="0" ci="2" mb="0" cb="0"/><line nr="21" mi="0" ci="5" mb="0" cb="0"/><line nr="22" mi="0" ci="5" mb="0" cb="0"/><line nr="23" mi="0" ci="1" mb="0" cb="0"/><line nr="25" mi="2" ci="0" mb="0" cb="0"/><line nr="26" mi="3" ci="0" mb="0" cb="0"/><line nr="27" mi="5" ci="0" mb="0" cb="0"/><line nr="28" mi="1" ci="0" mb="0" cb="0"/><line nr="31" mi="0" ci="3" mb="0" cb="0"/><line nr="32" mi="0" ci="1" mb="0" cb="0"/><line nr="36" mi="0" ci="5" mb="0" cb="0"/><line nr="38" mi="0" ci="4" mb="1" cb="1"/><line nr="39" mi="5" ci="0" mb="0" cb="0"/><line nr="42" mi="0" ci="5" mb="0" cb="0"/><line nr="44" mi="0" ci="4" mb="0" cb="0"/><line nr="45" mi="0" ci="1" mb="0" cb="0"/><line nr="46" mi="0" ci="1" mb="0" cb="0"/><line nr="47" mi="0" ci="2" mb="0" cb="0"/><line nr="49" mi="0" ci="6" mb="0" cb="0"/><line nr="51" mi="0" ci="3" mb="1" cb="1"/><line nr="52" mi="5" ci="0" mb="0" cb="0"/><line nr="55" mi="0" ci="4" mb="0" cb="0"/><line nr="57" mi="0" ci="6" mb="0" cb="2"/><line nr="58" mi="0" ci="4" mb="1" cb="1"/><line nr="59" mi="0" ci="4" mb="1" cb="1"/><line nr="60" mi="0" ci="2" mb="1" cb="1"/><line nr="61" mi="0" ci="5" mb="0" cb="0"/><line nr="64" mi="0" ci="9" mb="0" cb="0"/><counter type="INSTRUCTION" missed="24" covered="85"/><counter type="BRANCH" missed="5" covered="7"/><counter type="LINE" missed="6" covered="23"/><counter type="COMPLEXITY" missed="6" covered="4"/><counter type="METHOD" missed="1" covered="3"/><counter type="CLASS" missed="0" covered="1"/></sourcefile><counter type="INSTRUCTION" missed="31" covered="446"/><counter type="BRANCH" missed="22" covered="50"/><counter type="LINE" missed="8" covered="99"/><counter type="COMPLEXITY" missed="23" covered="38"/><counter type="METHOD" missed="1" covered="24"/><counter type="CLASS" missed="0" covered="3"/></package><package name="com/livraria/entity"><class name="com/livraria/entity/Usuario" sourcefilename="Usuario.java"><method name="&lt;init&gt;" desc="()V" line="26"><counter type="INSTRUCTION" missed="0" covered="9"/><counter type="LINE" missed="0" covered="4"/><counter type="COMPLEXITY" missed="0" covered="1"/><counter type="METHOD" missed="0" covered="1"/></method><method name="&lt;init&gt;" desc="(Ljava/lang/String;Ljava/lang/String;Ljava/lang/String;Ljava/lang/String;Ljava/lang/String;Ljava/lang/String;Ljava/lang/String;)V" line="39"><counter type="INSTRUCTION" missed="0" covered="24"/><counter type="LINE" missed="0" covered="9"/><counter type="COMPLEXITY" missed="0" covered="1"/><counter type="METHOD" missed="0" covered="1"/></method><method name="getId" desc="()Ljava/lang/String;" line="53"><counter type="INSTRUCTION" missed="0" covered="3"/><counter type="LINE" missed="0" covered="1"/><counter type="COMPLEXITY" missed="0" covered="1"/><counter type="METHOD" missed="0" covered="1"/></method><method name="setId" desc="(Ljava/lang/String;)V" line="57"><counter type="INSTRUCTION" missed="0" covered="4"/><counter type="LINE" missed="0" covered="2"/><counter type="COMPLEXITY" missed="0" covered="1"/><counter type="METHOD" missed="0" covered="1"/></method><method name="getNome" desc="()Ljava/lang/String;" line="61"><counter type="INSTRUCTION" missed="0" covered="3"/><counter type="LINE" missed="0" covered="1"/><counter type="COMPLEXITY" missed="0" covered="1"/><counter type="METHOD" missed="0" covered="1"/></method><method name="setNome" desc="(Ljava/lang/String;)V" line="65"><counter type="INSTRUCTION" missed="0" covered="7"/><counter type="LINE" missed="0" covered="3"/><counter type="COMPLEXITY" missed="0" covered="1"/><counter type="METHOD" missed="0" covered="1"/></method><method name="getEmail" desc="()Ljava/lang/String;" line="70"><counter type="INSTRUCTION" missed="0" covered="3"/><counter type="LINE" missed="0" covered="1"/><counter type="COMPLEXITY" missed="0" covered="1"/><counter type="METHOD" missed="0" covered="1"/></method><method name="setEmail" desc="(Ljava/lang/String;)V" line="74"><counter type="INSTRUCTION" missed="0" covered="7"/><counter type="LINE" missed="0" covered="3"/><counter type="COMPLEXITY" missed="0" covered="1"/><counter type="METHOD" missed="0" covered="1"/></method><method name="getSenha" desc="()Ljava/lang/String;" line="79"><counter type="INSTRUCTION" missed="0" covered="3"/><counter type="LINE" missed="0" covered="1"/><counter type="COMPLEXITY" missed="0" covered="1"/><counter type="METHOD" missed="0" covered="1"/></method><method name="setSenha" desc="(Ljava/lang/String;)V" line="83"><counter type="INSTRUCTION" missed="0" covered="7"/><counter type="LINE" missed="0" covered="3"/><counter type="COMPLEXITY" missed="0" covered="1"/><counter type="METHOD" missed="0" covered="1"/></method><method name="getCep" desc="()Ljava/lang/String;" line="88"><counter type="INSTRUCTION" missed="0" covered="3"/><counter type="LINE" missed="0" covered="1"/><counter type="COMPLEXITY" missed="0" covered="1"/><counter type="METHOD" missed="0" covered="1"/></method><method name="setCep" desc="(Ljava/lang/String;)V" line="92"><counter type="INSTRUCTION" missed="0" covered="7"/><counter type="LINE" missed="0" covered="3"/><counter type="COMPLEXITY" missed="0" covered="1"/><counter type="METHOD" missed="0" covered="1"/></method><method name="getEndereco" desc="()Ljava/lang/String;" line="97"><counter type="INSTRUCTION" missed="0" covered="3"/><counter type="LINE" missed="0" covered="1"/><counter type="COMPLEXITY" missed="0" covered="1"/><counter type="METHOD" missed="0" covered="1"/></method><method name="setEndereco" desc="(Ljava/lang/String;)V" line="101"><counter type="INSTRUCTION" missed="0" covered="7"/><counter type="LINE" missed="0" covered="3"/><counter type="COMPLEXITY" missed="0" covered="1"/><counter type="METHOD" missed="0" covered="1"/></method><method name="getCidade" desc="()Ljava/lang/String;" line="106"><counter type="INSTRUCTION" missed="0" covered="3"/><counter type="LINE" missed="0" covered="1"/><counter type="COMPLEXITY" missed="0" covered="1"/><counter type="METHOD" missed="0" covered="1"/></method><method name="setCidade" desc="(Ljava/lang/String;)V" line="110"><counter type="INSTRUCTION" missed="0" covered="7"/><counter type="LINE" missed="0" covered="3"/><counter type="COMPLEXITY" missed="0" covered="1"/><counter type="METHOD" missed="0" covered="1"/></method><method name="getEstado" desc="()Ljava/lang/String;" line="115"><counter type="INSTRUCTION" missed="0" covered="3"/><counter type="LINE" missed="0" covered="1"/><counter type="COMPLEXITY" missed="0" covered="1"/><counter type="METHOD" missed="0" covered="1"/></method><method name="setEstado" desc="(Ljava/lang/String;)V" line="119"><counter type="INSTRUCTION" missed="0" covered="7"/><counter type="LINE" missed="0" covered="3"/><counter type="COMPLEXITY" missed="0" covered="1"/><counter type="METHOD" missed="0" covered="1"/></method><method name="getCreatedAt" desc="()Ljava/time/LocalDateTime;" line="124"><counter type="INSTRUCTION" missed="0" covered="3"/><counter type="LINE" missed="0" covered="1"/><counter type="COMPLEXITY" missed="0" covered="1"/><counter type="METHOD" missed="0" covered="1"/></method><method name="getUpdatedAt" desc="()Ljava/time/LocalDateTime;" line="128"><counter type="INSTRUCTION" missed="0" covered="3"/><counter type="LINE" missed="0" covered="1"/><counter type="COMPLEXITY" missed="0" covered="1"/><counter type="METHOD" missed="0" covered="1"/></method><counter type="INSTRUCTION" missed="0" covered="116"/><counter type="LINE" missed="0" covered="46"/><counter type="COMPLEXITY" missed="0" covered="20"/><counter type="METHOD" missed="0" covered="20"/><counter type="CLASS" missed="0" covered="1"/></class><class name="com/livraria/entity/ViaCepResponse" sourcefilename="ViaCepResponse.java"><method name="&lt;init&gt;" desc="()V" line="6"><counter type="INSTRUCTION" missed="0" covered="3"/><counter type="LINE" missed="0" covered="1"/><counter type="COMPLEXITY" missed="0" covered="1"/><counter type="METHOD" missed="0" covered="1"/></method><method name="getCep" desc="()Ljava/lang/String;" line="14"><counter type="INSTRUCTION" missed="0" covered="3"/><counter type="LINE" missed="0" covered="1"/><counter type="COMPLEXITY" missed="0" covered="1"/><counter type="METHOD" missed="0" covered="1"/></method><method name="setCep" desc="(Ljava/lang/String;)V" line="18"><counter type="INSTRUCTION" missed="0" covered="4"/><counter type="LINE" missed="0" covered="2"/><counter type="COMPLEXITY" missed="0" covered="1"/><counter type="METHOD" missed="0" covered="1"/></method><method name="getLogradouro" desc="()Ljava/lang/String;" line="22"><counter type="INSTRUCTION" missed="0" covered="3"/><counter type="LINE" missed="0" covered="1"/><counter type="COMPLEXITY" missed="0" covered="1"/><counter type="METHOD" missed="0" covered="1"/></method><method name="setLogradouro" desc="(Ljava/lang/String;)V" line="26"><counter type="INSTRUCTION" missed="0" covered="4"/><counter type="LINE" missed="0" covered="2"/><counter type="COMPLEXITY" missed="0" covered="1"/><counter type="METHOD" missed="0" covered="1"/></method><method name="getLocalidade" desc="()Ljava/lang/String;" line="30"><counter type="INSTRUCTION" missed="0" covered="3"/><counter type="LINE" missed="0" covered="1"/><counter type="COMPLEXITY" missed="0" covered="1"/><counter type="METHOD" missed="0" covered="1"/></method><method name="setLocalidade" desc="(Ljava/lang/String;)V" line="34"><counter type="INSTRUCTION" missed="0" covered="4"/><counter type="LINE" missed="0" covered="2"/><counter type="COMPLEXITY" missed="0" covered="1"/><counter type="METHOD" missed="0" covered="1"/></method><method name="getUf" desc="()Ljava/lang/String;" line="38"><counter type="INSTRUCTION" missed="3" covered="0"/><counter type="LINE" missed="1" covered="0"/><counter type="COMPLEXITY" missed="1" covered="0"/><counter type="METHOD" missed="1" covered="0"/></method><method name="setUf" desc="(Ljava/lang/String;)V" line="42"><counter type="INSTRUCTION" missed="0" covered="4"/><counter type="LINE" missed="0" covered="2"/><counter type="COMPLEXITY" missed="0" covered="1"/><counter type="METHOD" missed="0" covered="1"/></method><counter type="INSTRUCTION" missed="3" covered="28"/><counter type="LINE" missed="1" covered="12"/><counter type="COMPLEXITY" missed="1" covered="8"/><counter type="METHOD" missed="1" covered="8"/><counter type="CLASS" missed="0" covered="1"/></class><class name="com/livraria/entity/Livro" sourcefilename="Livro.java"><method name="&lt;init&gt;" desc="()V" line="25"><counter type="INSTRUCTION" missed="0" covered="9"/><counter type="LINE" missed="0" covered="4"/><counter type="COMPLEXITY" missed="0" covered="1"/><counter type="METHOD" missed="0" covered="1"/></method><method name="&lt;init&gt;" desc="(Ljava/lang/String;Ljava/lang/String;Ljava/lang/String;Ljava/lang/String;Ljava/lang/String;Ljava/lang/String;)V" line="31"><counter type="INSTRUCTION" missed="0" covered="21"/><counter type="LINE" missed="0" covered="8"/><counter type="COMPLEXITY" missed="0" covered="1"/><counter type="METHOD" missed="0" covered="1"/></method><method name="getId" desc="()Ljava/lang/String;" line="41"><counter type="INSTRUCTION" missed="0" covered="3"/><counter type="LINE" missed="0" covered="1"/><counter type="COMPLEXITY" missed="0" covered="1"/><counter type="METHOD" missed="0" covered="1"/></method><method name="setId" desc="(Ljava/lang/String;)V" line="43"><counter type="INSTRUCTION" missed="0" covered="4"/><counter type="LINE" missed="0" covered="1"/><counter type="COMPLEXITY" missed="0" covered="1"/><counter type="METHOD" missed="0" covered="1"/></method><method name="getTitulo" desc="()Ljava/lang/String;" line="45"><counter type="INSTRUCTION" missed="0" covered="3"/><counter type="LINE" missed="0" covered="1"/><counter type="COMPLEXITY" missed="0" covered="1"/><counter type="METHOD" missed="0" covered="1"/></method><method name="setTitulo" desc="(Ljava/lang/String;)V" line="48"><counter type="INSTRUCTION" missed="0" covered="7"/><counter type="LINE" missed="0" covered="3"/><counter type="COMPLEXITY" missed="0" covered="1"/><counter type="METHOD" missed="0" covered="1"/></method><method name="getAutor" desc="()Ljava/lang/String;" line="52"><counter type="INSTRUCTION" missed="0" covered="3"/><counter type="LINE" missed="0" covered="1"/><counter type="COMPLEXITY" missed="0" covered="1"/><counter type="METHOD" missed="0" covered="1"/></method><method name="setAutor" desc="(Ljava/lang/String;)V" line="55"><counter type="INSTRUCTION" missed="0" covered="7"/><counter type="LINE" missed="0" covered="3"/><counter type="COMPLEXITY" missed="0" covered="1"/><counter type="METHOD" missed="0" covered="1"/></method><method name="getGenero" desc="()Ljava/lang/String;" line="59"><counter type="INSTRUCTION" missed="0" covered="3"/><counter type="LINE" missed="0" covered="1"/><counter type="COMPLEXITY" missed="0" covered="1"/><counter type="METHOD" missed="0" covered="1"/></method><method name="setGenero" desc="(Ljava/lang/String;)V" line="62"><counter type="INSTRUCTION" missed="0" covered="7"/><counter type="LINE" missed="0" covered="3"/><counter type="COMPLEXITY" missed="0" covered="1"/><counter type="METHOD" missed="0" covered="1"/></method><method name="getDescricao" desc="()Ljava/lang/String;" line="66"><counter type="INSTRUCTION" missed="0" covered="3"/><counter type="LINE" missed="0" covered="1"/><counter type="COMPLEXITY" missed="0" covered="1"/><counter type="METHOD" missed="0" covered="1"/></method><method name="setDescricao" desc="(Ljava/lang/String;)V" line="69"><counter type="INSTRUCTION" missed="0" covered="7"/><counter type="LINE" missed="0" covered="3"/><counter type="COMPLEXITY" missed="0" covered="1"/><counter type="METHOD" missed="0" covered="1"/></method><method name="getImagem" desc="()Ljava/lang/String;" line="73"><counter type="INSTRUCTION" missed="0" covered="3"/><counter type="LINE" missed="0" covered="1"/><counter type="COMPLEXITY" missed="0" covered="1"/><counter type="METHOD" missed="0" covered="1"/></method><method name="setImagem" desc="(Ljava/lang/String;)V" line="76"><counter type="INSTRUCTION" missed="0" covered="7"/><counter type="LINE" missed="0" covered="3"/><counter type="COMPLEXITY" missed="0" covered="1"/><counter type="METHOD" missed="0" covered="1"/></method><method name="getUsuarioId" desc="()Ljava/lang/String;" line="80"><counter type="INSTRUCTION" missed="0" covered="3"/><counter type="LINE" missed="0" covered="1"/><counter type="COMPLEXITY" missed="0" covered="1"/><counter type="METHOD" missed="0" covered="1"/></method><method name="setUsuarioId" desc="(Ljava/lang/String;)V" line="83"><counter type="INSTRUCTION" missed="0" covered="7"/><counter type="LINE" missed="0" covered="3"/><counter type="COMPLEXITY" missed="0" covered="1"/><counter type="METHOD" missed="0" covered="1"/></method><method name="getCreatedAt" desc="()Ljava/time/LocalDateTime;" line="87"><counter type="INSTRUCTION" missed="0" covered="3"/><counter type="LINE" missed="0" covered="1"/><counter type="COMPLEXITY" missed="0" covered="1"/><counter type="METHOD" missed="0" covered="1"/></method><method name="getUpdatedAt" desc="()Ljava/time/LocalDateTime;" line="89"><counter type="INSTRUCTION" missed="0" covered="3"/><counter type="LINE" missed="0" covered="1"/><counter type="COMPLEXITY" missed="0" covered="1"/><counter type="METHOD" missed="0" covered="1"/></method><counter type="INSTRUCTION" missed="0" covered="103"/><counter type="LINE" missed="0" covered="40"/><counter type="COMPLEXITY" missed="0" covered="18"/><counter type="METHOD" missed="0" covered="18"/><counter type="CLASS" missed="0" covered="1"/></class><sourcefile name="Usuario.java"><line nr="26" mi="0" ci="2" mb="0" cb="0"/><line nr="27" mi="0" ci="3" mb="0" cb="0"/><line nr="28" mi="0" ci="3" mb="0" cb="0"/><line nr="29" mi="0" ci="1" mb="0" cb="0"/><line nr="39" mi="0" ci="2" mb="0" cb="0"/><line nr="41" mi="0" ci="3" mb="0" cb="0"/><line nr="42" mi="0" ci="3" mb="0" cb="0"/><line nr="43" mi="0" ci="3" mb="0" cb="0"/><line nr="44" mi="0" ci="3" mb="0" cb="0"/><line nr="45" mi="0" ci="3" mb="0" cb="0"/><line nr="46" mi="0" ci="3" mb="0" cb="0"/><line nr="47" mi="0" ci="3" mb="0" cb="0"/><line nr="48" mi="0" ci="1" mb="0" cb="0"/><line nr="53" mi="0" ci="3" mb="0" cb="0"/><line nr="57" mi="0" ci="3" mb="0" cb="0"/><line nr="58" mi="0" ci="1" mb="0" cb="0"/><line nr="61" mi="0" ci="3" mb="0" cb="0"/><line nr="65" mi="0" ci="3" mb="0" cb="0"/><line nr="66" mi="0" ci="3" mb="0" cb="0"/><line nr="67" mi="0" ci="1" mb="0" cb="0"/><line nr="70" mi="0" ci="3" mb="0" cb="0"/><line nr="74" mi="0" ci="3" mb="0" cb="0"/><line nr="75" mi="0" ci="3" mb="0" cb="0"/><line nr="76" mi="0" ci="1" mb="0" cb="0"/><line nr="79" mi="0" ci="3" mb="0" cb="0"/><line nr="83" mi="0" ci="3" mb="0" cb="0"/><line nr="84" mi="0" ci="3" mb="0" cb="0"/><line nr="85" mi="0" ci="1" mb="0" cb="0"/><line nr="88" mi="0" ci="3" mb="0" cb="0"/><line nr="92" mi="0" ci="3" mb="0" cb="0"/><line nr="93" mi="0" ci="3" mb="0" cb="0"/><line nr="94" mi="0" ci="1" mb="0" cb="0"/><line nr="97" mi="0" ci="3" mb="0" cb="0"/><line nr="101" mi="0" ci="3" mb="0" cb="0"/><line nr="102" mi="0" ci="3" mb="0" cb="0"/><line nr="103" mi="0" ci="1" mb="0" cb="0"/><line nr="106" mi="0" ci="3" mb="0" cb="0"/><line nr="110" mi="0" ci="3" mb="0" cb="0"/><line nr="111" mi="0" ci="3" mb="0" cb="0"/><line nr="112" mi="0" ci="1" mb="0" cb="0"/><line nr="115" mi="0" ci="3" mb="0" cb="0"/><line nr="119" mi="0" ci="3" mb="0" cb="0"/><line nr="120" mi="0" ci="3" mb="0" cb="0"/><line nr="121" mi="0" ci="1" mb="0" cb="0"/><line nr="124" mi="0" ci="3" mb="0" cb="0"/><line nr="128" mi="0" ci="3" mb="0" cb="0"/><counter type="INSTRUCTION" missed="0" covered="116"/><counter type="LINE" missed="0" covered="46"/><counter type="COMPLEXITY" missed="0" covered="20"/><counter type="METHOD" missed="0" covered="20"/><counter type="CLASS" missed="0" covered="1"/></sourcefile><sourcefile name="Livro.java"><line nr="25" mi="0" ci="2" mb="0" cb="0"/><line nr="26" mi="0" ci="3" mb="0" cb="0"/><line nr="27" mi="0" ci="3" mb="0" cb="0"/><line nr="28" mi="0" ci="1" mb="0" cb="0"/><line nr="31" mi="0" ci="2" mb="0" cb="0"/><line nr="32" mi="0" ci="3" mb="0" cb="0"/><line nr="33" mi="0" ci="3" mb="0" cb="0"/><line nr="34" mi="0" ci="3" mb="0" cb="0"/><line nr="35" mi="0" ci="3" mb="0" cb="0"/><line nr="36" mi="0" ci="3" mb="0" cb="0"/><line nr="37" mi="0" ci="3" mb="0" cb="0"/><line nr="38" mi="0" ci="1" mb="0" cb="0"/><line nr="41" mi="0" ci="3" mb="0" cb="0"/><line nr="43" mi="0" ci="4" mb="0" cb="0"/><line nr="45" mi="0" ci="3" mb="0" cb="0"/><line nr="48" mi="0" ci="3" mb="0" cb="0"/><line nr="49" mi="0" ci="3" mb="0" cb="0"/><line nr="50" mi="0" ci="1" mb="0" cb="0"/><line nr="52" mi="0" ci="3" mb="0" cb="0"/><line nr="55" mi="0" ci="3" mb="0" cb="0"/><line nr="56" mi="0" ci="3" mb="0" cb="0"/><line nr="57" mi="0" ci="1" mb="0" cb="0"/><line nr="59" mi="0" ci="3" mb="0" cb="0"/><line nr="62" mi="0" ci="3" mb="0" cb="0"/><line nr="63" mi="0" ci="3" mb="0" cb="0"/><line nr="64" mi="0" ci="1" mb="0" cb="0"/><line nr="66" mi="0" ci="3" mb="0" cb="0"/><line nr="69" mi="0" ci="3" mb="0" cb="0"/><line nr="70" mi="0" ci="3" mb="0" cb="0"/><line nr="71" mi="0" ci="1" mb="0" cb="0"/><line nr="73" mi="0" ci="3" mb="0" cb="0"/><line nr="76" mi="0" ci="3" mb="0" cb="0"/><line nr="77" mi="0" ci="3" mb="0" cb="0"/><line nr="78" mi="0" ci="1" mb="0" cb="0"/><line nr="80" mi="0" ci="3" mb="0" cb="0"/><line nr="83" mi="0" ci="3" mb="0" cb="0"/><line nr="84" mi="0" ci="3" mb="0" cb="0"/><line nr="85" mi="0" ci="1" mb="0" cb="0"/><line nr="87" mi="0" ci="3" mb="0" cb="0"/><line nr="89" mi="0" ci="3" mb="0" cb="0"/><counter type="INSTRUCTION" missed="0" covered="103"/><counter type="LINE" missed="0" covered="40"/><counter type="COMPLEXITY" missed="0" covered="18"/><counter type="METHOD" missed="0" covered="18"/><counter type="CLASS" missed="0" covered="1"/></sourcefile><sourcefile name="ViaCepResponse.java"><line nr="6" mi="0" ci="3" mb="0" cb="0"/><line nr="14" mi="0" ci="3" mb="0" cb="0"/><line nr="18" mi="0" ci="3" mb="0" cb="0"/><line nr="19" mi="0" ci="1" mb="0" cb="0"/><line nr="22" mi="0" ci="3" mb="0" cb="0"/><line nr="26" mi="0" ci="3" mb="0" cb="0"/><line nr="27" mi="0" ci="1" mb="0" cb="0"/><line nr="30" mi="0" ci="3" mb="0" cb="0"/><line nr="34" mi="0" ci="3" mb="0" cb="0"/><line nr="35" mi="0" ci="1" mb="0" cb="0"/><line nr="38" mi="3" ci="0" mb="0" cb="0"/><line nr="42" mi="0" ci="3" mb="0" cb="0"/><line nr="43" mi="0" ci="1" mb="0" cb="0"/><counter type="INSTRUCTION" missed="3" covered="28"/><counter type="LINE" missed="1" covered="12"/><counter type="COMPLEXITY" missed="1" covered="8"/><counter type="METHOD" missed="1" covered="8"/><counter type="CLASS" missed="0" covered="1"/></sourcefile><counter type="INSTRUCTION" missed="3" covered="247"/><counter type="LINE" missed="1" covered="98"/><counter type="COMPLEXITY" missed="1" covered="46"/><counter type="METHOD" missed="1" covered="46"/><counter type="CLASS" missed="0" covered="3"/></package><package name="com/livraria/api/controller"><class name="com/livraria/api/controller/LivroRestController" sourcefilename="LivroRestController.java"><method name="&lt;init&gt;" desc="()V" line="14"><counter type="INSTRUCTION" missed="0" covered="3"/><counter type="LINE" missed="0" covered="1"/><counter type="COMPLEXITY" missed="0" covered="1"/><counter type="METHOD" missed="0" covered="1"/></method><method name="criar" desc="(Lcom/livraria/entity/Livro;)Lorg/springframework/http/ResponseEntity;" line="25"><counter type="INSTRUCTION" missed="0" covered="16"/><counter type="LINE" missed="0" covered="4"/><counter type="COMPLEXITY" missed="0" covered="1"/><counter type="METHOD" missed="0" covered="1"/></method><method name="listarPorUsuario" desc="(Ljava/lang/String;)Lorg/springframework/http/ResponseEntity;" line="38"><counter type="INSTRUCTION" missed="4" covered="13"/><counter type="BRANCH" missed="2" covered="2"/><counter type="LINE" missed="1" covered="3"/><counter type="COMPLEXITY" missed="2" covered="1"/><counter type="METHOD" missed="0" covered="1"/></method><method name="buscar" desc="(Ljava/lang/String;)Lorg/springframework/http/ResponseEntity;" line="52"><counter type="INSTRUCTION" missed="4" covered="18"/><counter type="BRANCH" missed="2" covered="2"/><counter type="LINE" missed="1" covered="4"/><counter type="COMPLEXITY" missed="2" covered="1"/><counter type="METHOD" missed="0" covered="1"/></method><method name="atualizar" desc="(Ljava/lang/String;Lcom/livraria/entity/Livro;)Lorg/springframework/http/ResponseEntity;" line="68"><counter type="INSTRUCTION" missed="4" covered="25"/><counter type="BRANCH" missed="2" covered="2"/><counter type="LINE" missed="1" covered="6"/><counter type="COMPLEXITY" missed="2" covered="1"/><counter type="METHOD" missed="0" covered="1"/></method><method name="deletar" desc="(Ljava/lang/String;)Lorg/springframework/http/ResponseEntity;" line="87"><counter type="INSTRUCTION" missed="4" covered="18"/><counter type="BRANCH" missed="2" covered="4"/><counter type="LINE" missed="1" covered="4"/><counter type="COMPLEXITY" missed="2" covered="2"/><counter type="METHOD" missed="0" covered="1"/></method><method name="lambda$atualizar$1" desc="(Lcom/livraria/entity/Livro;)Lorg/springframework/http/ResponseEntity;" line="74"><counter type="INSTRUCTION" missed="0" covered="3"/><counter type="LINE" missed="0" covered="1"/><counter type="COMPLEXITY" missed="0" covered="1"/><counter type="METHOD" missed="0" covered="1"/></method><method name="lambda$buscar$0" desc="(Lcom/livraria/entity/Livro;)Lorg/springframework/http/ResponseEntity;" line="57"><counter type="INSTRUCTION" missed="0" covered="3"/><counter type="LINE" missed="0" covered="1"/><counter type="COMPLEXITY" missed="0" covered="1"/><counter type="METHOD" missed="0" covered="1"/></method><counter type="INSTRUCTION" missed="16" covered="99"/><counter type="BRANCH" missed="8" covered="10"/><counter type="LINE" missed="4" covered="22"/><counter type="COMPLEXITY" missed="8" covered="9"/><counter type="METHOD" missed="0" covered="8"/><counter type="CLASS" missed="0" covered="1"/></class><class name="com/livraria/api/controller/CepController" sourcefilename="CepController.java"><method name="&lt;init&gt;" desc="()V" line="11"><counter type="INSTRUCTION" missed="0" covered="3"/><counter type="LINE" missed="0" covered="1"/><counter type="COMPLEXITY" missed="0" covered="1"/><counter type="METHOD" missed="0" covered="1"/></method><method name="buscarCep" desc="(Ljava/lang/String;)Lcom/livraria/entity/ViaCepResponse;" line="21"><counter type="INSTRUCTION" missed="5" covered="0"/><counter type="LINE" missed="1" covered="0"/><counter type="COMPLEXITY" missed="1" covered="0"/><counter type="METHOD" missed="1" covered="0"/></method><counter type="INSTRUCTION" missed="5" covered="3"/><counter type="LINE" missed="1" covered="1"/><counter type="COMPLEXITY" missed="1" covered="1"/><counter type="METHOD" missed="1" covered="1"/><counter type="CLASS" missed="0" covered="1"/></class><class name="com/livraria/api/controller/UsuarioRestController" sourcefilename="UsuarioRestController.java"><method name="&lt;init&gt;" desc="()V" line="13"><counter type="INSTRUCTION" missed="0" covered="3"/><counter type="LINE" missed="0" covered="1"/><counter type="COMPLEXITY" missed="0" covered="1"/><counter type="METHOD" missed="0" covered="1"/></method><method name="criar" desc="(Lcom/livraria/entity/Usuario;)Lorg/springframework/http/ResponseEntity;" line="21"><counter type="INSTRUCTION" missed="0" covered="19"/><counter type="LINE" missed="0" covered="5"/><counter type="COMPLEXITY" missed="0" covered="1"/><counter type="METHOD" missed="0" covered="1"/></method><method name="listar" desc="()Lorg/springframework/http/ResponseEntity;" line="31"><counter type="INSTRUCTION" missed="0" covered="10"/><counter type="LINE" missed="0" covered="3"/><counter type="COMPLEXITY" missed="0" covered="1"/><counter type="METHOD" missed="0" covered="1"/></method><method name="buscarPorId" desc="(Ljava/lang/String;)Lorg/springframework/http/ResponseEntity;" line="40"><counter type="INSTRUCTION" missed="0" covered="13"/><counter type="LINE" missed="0" covered="3"/><counter type="COMPLEXITY" missed="0" covered="1"/><counter type="METHOD" missed="0" covered="1"/></method><method name="atualizar" desc="(Ljava/lang/String;Lcom/livraria/entity/Usuario;)Lorg/springframework/http/ResponseEntity;" line="54"><counter type="INSTRUCTION" missed="0" covered="20"/><counter type="LINE" missed="0" covered="5"/><counter type="COMPLEXITY" missed="0" covered="1"/><counter type="METHOD" missed="0" covered="1"/></method><method name="deletar" desc="(Ljava/lang/String;)Lorg/springframework/http/ResponseEntity;" line="67"><counter type="INSTRUCTION" missed="0" covered="13"/><counter type="BRANCH" missed="0" covered="2"/><counter type="LINE" missed="0" covered="3"/><counter type="COMPLEXITY" missed="0" covered="2"/><counter type="METHOD" missed="0" covered="1"/></method><method name="login" desc="(Lcom/livraria/entity/Usuario;)Lorg/springframework/http/ResponseEntity;" line="76"><counter type="INSTRUCTION" missed="0" covered="16"/><counter type="LINE" missed="0" covered="3"/><counter type="COMPLEXITY" missed="0" covered="1"/><counter type="METHOD" missed="0" covered="1"/></method><method name="lambda$login$3" desc="(Lcom/livraria/entity/Usuario;)Lorg/springframework/http/ResponseEntity;" line="78"><counter type="INSTRUCTION" missed="0" covered="6"/><counter type="LINE" missed="0" covered="2"/><counter type="COMPLEXITY" missed="0" covered="1"/><counter type="METHOD" missed="0" covered="1"/></method><method name="lambda$atualizar$2" desc="(Lcom/livraria/entity/Usuario;)Lorg/springframework/http/ResponseEntity;" line="56"><counter type="INSTRUCTION" missed="0" covered="6"/><counter type="LINE" missed="0" covered="2"/><counter type="COMPLEXITY" missed="0" covered="1"/><counter type="METHOD" missed="0" covered="1"/></method><method name="lambda$buscarPorId$1" desc="(Lcom/livraria/entity/Usuario;)Lorg/springframework/http/ResponseEntity;" line="42"><counter type="INSTRUCTION" missed="0" covered="6"/><counter type="LINE" missed="0" covered="2"/><counter type="COMPLEXITY" missed="0" covered="1"/><counter type="METHOD" missed="0" covered="1"/></method><method name="lambda$listar$0" desc="(Lcom/livraria/entity/Usuario;)V" line="33"><counter type="INSTRUCTION" missed="0" covered="4"/><counter type="LINE" missed="0" covered="1"/><counter type="COMPLEXITY" missed="0" covered="1"/><counter type="METHOD" missed="0" covered="1"/></method><counter type="INSTRUCTION" missed="0" covered="116"/><counter type="BRANCH" missed="0" covered="2"/><counter type="LINE" missed="0" covered="29"/><counter type="COMPLEXITY" missed="0" covered="12"/><counter type="METHOD" missed="0" covered="11"/><counter type="CLASS" missed="0" covered="1"/></class><sourcefile name="UsuarioRestController.java"><line nr="13" mi="0" ci="3" mb="0" cb="0"/><line nr="21" mi="0" ci="5" mb="0" cb="0"/><line nr="22" mi="0" ci="3" mb="0" cb="0"/><line nr="23" mi="0" ci="5" mb="0" cb="0"/><line nr="24" mi="0" ci="1" mb="0" cb="0"/><line nr="25" mi="0" ci="5" mb="0" cb="0"/><line nr="31" mi="0" ci="4" mb="0" cb="0"/><line nr="33" mi="0" ci="7" mb="0" cb="0"/><line nr="35" mi="0" ci="3" mb="0" cb="0"/><line nr="40" mi="0" ci="6" mb="0" cb="0"/><line nr="41" mi="0" ci="2" mb="0" cb="0"/><line nr="42" mi="0" ci="3" mb="0" cb="0"/><line nr="43" mi="0" ci="3" mb="0" cb="0"/><line nr="45" mi="0" ci="5" mb="0" cb="0"/><line nr="54" mi="0" ci="7" mb="0" cb="0"/><line nr="55" mi="0" ci="2" mb="0" cb="0"/><line nr="56" mi="0" ci="3" mb="0" cb="0"/><line nr="57" mi="0" ci="3" mb="0" cb="0"/><line nr="59" mi="0" ci="5" mb="0" cb="0"/><line nr="60" mi="0" ci="1" mb="0" cb="0"/><line nr="61" mi="0" ci="5" mb="0" cb="0"/><line nr="67" mi="0" ci="5" mb="0" cb="2"/><line nr="68" mi="0" ci="3" mb="0" cb="0"/><line nr="71" mi="0" ci="5" mb="0" cb="0"/><line nr="76" mi="0" ci="9" mb="0" cb="0"/><line nr="77" mi="0" ci="2" mb="0" cb="0"/><line nr="78" mi="0" ci="3" mb="0" cb="0"/><line nr="79" mi="0" ci="3" mb="0" cb="0"/><line nr="81" mi="0" ci="5" mb="0" cb="0"/><counter type="INSTRUCTION" missed="0" covered="116"/><counter type="BRANCH" missed="0" covered="2"/><counter type="LINE" missed="0" covered="29"/><counter type="COMPLEXITY" missed="0" covered="12"/><counter type="METHOD" missed="0" covered="11"/><counter type="CLASS" missed="0" covered="1"/></sourcefile><sourcefile name="CepController.java"><line nr="11" mi="0" ci="3" mb="0" cb="0"/><line nr="21" mi="5" ci="0" mb="0" cb="0"/><counter type="INSTRUCTION" missed="5" covered="3"/><counter type="LINE" missed="1" covered="1"/><counter type="COMPLEXITY" missed="1" covered="1"/><counter type="METHOD" missed="1" covered="1"/><counter type="CLASS" missed="0" covered="1"/></sourcefile><sourcefile name="LivroRestController.java"><line nr="14" mi="0" ci="3" mb="0" cb="0"/><line nr="25" mi="0" ci="5" mb="0" cb="0"/><line nr="26" mi="0" ci="5" mb="0" cb="0"/><line nr="27" mi="0" ci="1" mb="0" cb="0"/><line nr="28" mi="0" ci="5" mb="0" cb="0"/><line nr="38" mi="0" ci="5" mb="2" cb="2"/><line nr="39" mi="4" ci="0" mb="0" cb="0"/><line nr="42" mi="0" ci="5" mb="0" cb="0"/><line nr="43" mi="0" ci="3" mb="0" cb="0"/><line nr="52" mi="0" ci="5" mb="2" cb="2"/><line nr="53" mi="4" ci="0" mb="0" cb="0"/><line nr="56" mi="0" ci="6" mb="0" cb="0"/><line nr="57" mi="0" ci="5" mb="0" cb="0"/><line nr="58" mi="0" ci="5" mb="0" cb="0"/><line nr="68" mi="0" ci="5" mb="2" cb="2"/><line nr="69" mi="4" ci="0" mb="0" cb="0"/><line nr="73" mi="0" ci="7" mb="0" cb="0"/><line nr="74" mi="0" ci="5" mb="0" cb="0"/><line nr="75" mi="0" ci="5" mb="0" cb="0"/><line nr="76" mi="0" ci="1" mb="0" cb="0"/><line nr="77" mi="0" ci="5" mb="0" cb="0"/><line nr="87" mi="0" ci="5" mb="2" cb="2"/><line nr="88" mi="4" ci="0" mb="0" cb="0"/><line nr="91" mi="0" ci="5" mb="0" cb="2"/><line nr="92" mi="0" ci="3" mb="0" cb="0"/><line nr="95" mi="0" ci="5" mb="0" cb="0"/><counter type="INSTRUCTION" missed="16" covered="99"/><counter type="BRANCH" missed="8" covered="10"/><counter type="LINE" missed="4" covered="22"/><counter type="COMPLEXITY" missed="8" covered="9"/><counter type="METHOD" missed="0" covered="8"/><counter type="CLASS" missed="0" covered="1"/></sourcefile><counter type="INSTRUCTION" missed="21" covered="218"/><counter type="BRANCH" missed="8" covered="12"/><counter type="LINE" missed="5" covered="52"/><counter type="COMPLEXITY" missed="9" covered="22"/><counter type="METHOD" missed="1" covered="20"/><counter type="CLASS" missed="0" covered="3"/></package><package name="com/livraria/config"><class name="com/livraria/config/SecurityConfig" sourcefilename="SecurityConfig.java"><method name="&lt;init&gt;" desc="()V" line="9"><counter type="INSTRUCTION" missed="0" covered="3"/><counter type="LINE" missed="0" covered="1"/><counter type="COMPLEXITY" missed="0" covered="1"/><counter type="METHOD" missed="0" covered="1"/></method><method name="filterChain" desc="(Lorg/springframework/security/config/annotation/web/builders/HttpSecurity;)Lorg/springframework/security/web/SecurityFilterChain;" line="14"><counter type="INSTRUCTION" missed="0" covered="16"/><counter type="LINE" missed="0" covered="7"/><counter type="COMPLEXITY" missed="0" covered="1"/><counter type="METHOD" missed="0" covered="1"/></method><method name="lambda$filterChain$4" desc="(Lorg/springframework/security/config/annotation/web/configurers/LogoutConfigurer;)V" line="21"><counter type="INSTRUCTION" missed="0" covered="4"/><counter type="LINE" missed="0" covered="1"/><counter type="COMPLEXITY" missed="0" covered="1"/><counter type="METHOD" missed="0" covered="1"/></method><method name="lambda$filterChain$3" desc="(Lorg/springframework/security/config/annotation/web/configurers/HttpBasicConfigurer;)V" line="20"><counter type="INSTRUCTION" missed="0" covered="4"/><counter type="LINE" missed="0" covered="1"/><counter type="COMPLEXITY" missed="0" covered="1"/><counter type="METHOD" missed="0" covered="1"/></method><method name="lambda$filterChain$2" desc="(Lorg/springframework/security/config/annotation/web/configurers/FormLoginConfigurer;)V" line="19"><counter type="INSTRUCTION" missed="0" covered="4"/><counter type="LINE" missed="0" covered="1"/><counter type="COMPLEXITY" missed="0" covered="1"/><counter type="METHOD" missed="0" covered="1"/></method><method name="lambda$filterChain$1" desc="(Lorg/springframework/security/config/annotation/web/configurers/AuthorizeHttpRequestsConfigurer$AuthorizationManagerRequestMatcherRegistry;)V" line="17"><counter type="INSTRUCTION" missed="0" covered="6"/><counter type="LINE" missed="0" covered="1"/><counter type="COMPLEXITY" missed="0" covered="1"/><counter type="METHOD" missed="0" covered="1"/></method><method name="lambda$filterChain$0" desc="(Lorg/springframework/security/config/annotation/web/configurers/CsrfConfigurer;)V" line="15"><counter type="INSTRUCTION" missed="0" covered="4"/><counter type="LINE" missed="0" covered="1"/><counter type="COMPLEXITY" missed="0" covered="1"/><counter type="METHOD" missed="0" covered="1"/></method><counter type="INSTRUCTION" missed="0" covered="41"/><counter type="LINE" missed="0" covered="9"/><counter type="COMPLEXITY" missed="0" covered="7"/><counter type="METHOD" missed="0" covered="7"/><counter type="CLASS" missed="0" covered="1"/></class><sourcefile name="SecurityConfig.java"><line nr="9" mi="0" ci="3" mb="0" cb="0"/><line nr="14" mi="0" ci="2" mb="0" cb="0"/><line nr="15" mi="0" ci="6" mb="0" cb="0"/><line nr="16" mi="0" ci="2" mb="0" cb="0"/><line nr="17" mi="0" ci="6" mb="0" cb="0"/><line nr="19" mi="0" ci="6" mb="0" cb="0"/><line nr="20" mi="0" ci="6" mb="0" cb="0"/><line nr="21" mi="0" ci="6" mb="0" cb="0"/><line nr="23" mi="0" ci="4" mb="0" cb="0"/><counter type="INSTRUCTION" missed="0" covered="41"/><counter type="LINE" missed="0" covered="9"/><counter type="COMPLEXITY" missed="0" covered="7"/><counter type="METHOD" missed="0" covered="7"/><counter type="CLASS" missed="0" covered="1"/></sourcefile><counter type="INSTRUCTION" missed="0" covered="41"/><counter type="LINE" missed="0" covered="9"/><counter type="COMPLEXITY" missed="0" covered="7"/><counter type="METHOD" missed="0" covered="7"/><counter type="CLASS" missed="0" covered="1"/></package><package name="com/livraria/api/repository"><class name="com/livraria/api/repository/LivroRepository" sourcefilename="LivroRepository.java"/><class name="com/livraria/api/repository/UsuarioRepository" sourcefilename="UsuarioRepository.java"/><sourcefile name="LivroRepository.java"/><sourcefile name="UsuarioRepository.java"/></package><package name="com/livraria"><class name="com/livraria/LivrariaApplication" sourcefilename="LivrariaApplication.java"><method name="&lt;init&gt;" desc="()V" line="7"><counter type="INSTRUCTION" missed="0" covered="3"/><counter type="LINE" missed="0" covered="1"/><counter type="COMPLEXITY" missed="0" covered="1"/><counter type="METHOD" missed="0" covered="1"/></method><method name="main" desc="([Ljava/lang/String;)V" line="9"><counter type="INSTRUCTION" missed="5" covered="0"/><counter type="LINE" missed="2" covered="0"/><counter type="COMPLEXITY" missed="1" covered="0"/><counter type="METHOD" missed="1" covered="0"/></method><counter type="INSTRUCTION" missed="5" covered="3"/><counter type="LINE" missed="2" covered="1"/><counter type="COMPLEXITY" missed="1" covered="1"/><counter type="METHOD" missed="1" covered="1"/><counter type="CLASS" missed="0" covered="1"/></class><sourcefile name="LivrariaApplication.java"><line nr="7" mi="0" ci="3" mb="0" cb="0"/><line nr="9" mi="4" ci="0" mb="0" cb="0"/><line nr="10" mi="1" ci="0" mb="0" cb="0"/><counter type="INSTRUCTION" missed="5" covered="3"/><counter type="LINE" missed="2" covered="1"/><counter type="COMPLEXITY" missed="1" covered="1"/><counter type="METHOD" missed="1" covered="1"/><counter type="CLASS" missed="0" covered="1"/></sourcefile><counter type="INSTRUCTION" missed="5" covered="3"/><counter type="LINE" missed="2" covered="1"/><counter type="COMPLEXITY" missed="1" covered="1"/><counter type="METHOD" missed="1" covered="1"/><counter type="CLASS" missed="0" covered="1"/></package><counter type="INSTRUCTION" missed="60" covered="1245"/><counter type="BRANCH" missed="30" covered="74"/><counter type="LINE" missed="16" covered="337"/><counter type="COMPLEXITY" missed="34" covered="142"/><counter type="METHOD" missed="4" covered="120"/><counter type="CLASS" missed="0" covered="13"/></report>