<?xml version="1.0" encoding="UTF-8"?>
<testsuite xmlns:xsi="http://www.w3.org/2001/XMLSchema-instance" xsi:noNamespaceSchemaLocation="https://maven.apache.org/surefire/maven-surefire-plugin/xsd/surefire-test-report-3.0.xsd" version="3.0" name="com.livraria.api.controller.LivroControllerTest" time="26.768" tests="15" errors="0" skipped="0" failures="0">
  <properties>
[...]
</properties>
  <testcase name="deveDeletarLivroComSucesso" classname="com.livraria.api.controller.LivroControllerTest" time="2.738">
    <system-out><![CDATA[23:57:26.864 [main] INFO org.springframework.test.context.support.AnnotationConfigContextLoaderUtils -- Could not detect default configuration classes for test class [com.livraria.api.controller.LivroControllerTest]: LivroControllerTest does not declare any static, non-private, non-final, nested classes annotated with @Configuration.
23:57:27.341 [main] INFO org.springframework.boot.test.context.SpringBootTestContextBootstrapper -- Found @SpringBootConfiguration com.livraria.LivrariaApplication for test class com.livraria.api.controller.LivroControllerTest
23:57:27.893 [main] INFO org.testcontainers.images.PullPolicy -- Image pull policy will be performed by: DefaultPullPolicy()
23:57:27.904 [main] INFO org.testcontainers.utility.ImageNameSubstitutor -- Image name substitution will be performed by: DefaultImageNameSubstitutor (composite of 'ConfigurationFileImageNameSubstitutor' and 'PrefixingImageNameSubstitutor')
23:57:28.040 [main] INFO org.testcontainers.DockerClientFactory -- Testcontainers version: 1.21.4
23:57:30.678 [main] INFO org.testcontainers.dockerclient.DockerClientProviderStrategy -- Found Docker environment with Environment variables, system properties and defaults. Resolved dockerHost=npipe:////./pipe/docker_engine
23:57:30.680 [main] INFO org.testcontainers.DockerClientFactory -- Docker host IP address is localhost
23:57:30.754 [main] INFO org.testcontainers.DockerClientFactory -- Connected to docker: 
  Server Version: 29.4.0
  API Version: 1.54
  Operating System: Docker Desktop
  Total Memory: 3760 MB
  Labels: 
    com.docker.desktop.address=npipe://\\.\pipe\docker_cli
23:57:30.760 [main] WARN org.testcontainers.utility.ResourceReaper -- 
********************************************************************************
Ryuk has been disabled. This can cause unexpected behavior in your environment.
********************************************************************************
23:57:30.772 [main] INFO org.testcontainers.DockerClientFactory -- Checking the system...
23:57:30.779 [main] INFO org.testcontainers.DockerClientFactory -- ✔︎ Docker server version should be at least 1.6.0
23:57:31.037 [main] INFO tc.mongo:6.0 -- Creating container for image: mongo:6.0
23:57:31.564 [main] INFO org.testcontainers.utility.RegistryAuthLocator -- Credential helper/store (docker-credential-desktop) does not have credentials for https://index.docker.io/v1/
23:57:32.277 [main] INFO tc.mongo:6.0 -- Container mongo:6.0 is starting: 4430a21643a8017bcd72305aca6a2788240793643693481c05389341a99dc9e4
23:57:35.342 [main] INFO tc.mongo:6.0 -- Container mongo:6.0 started in PT4.3050639S
23:57:39.608 [main] INFO org.springframework.boot.devtools.restart.RestartApplicationListener -- Restart disabled due to context in which it is running

  .   ____          _            __ _ _
 /\\ / ___'_ __ _ _(_)_ __  __ _ \ \ \ \
( ( )\___ | '_ | '_| | '_ \/ _` | \ \ \ \
 \\/  ___)| |_)| | | | | || (_| |  ) ) ) )
  '  |____| .__|_| |_|_| |_\__, | / / / /
 =========|_|==============|___/=/_/_/_/
 :: Spring Boot ::                (v3.2.0)

2026-05-09T23:57:40.649-03:00  INFO 10100 --- [projeto-livraria] [           main] c.l.api.controller.LivroControllerTest   : Starting LivroControllerTest using Java 22.0.2 with PID 10100 (started by giuli in C:\Users\giuli\Downloads\Projeto QA\Projeto_Qualidade)
2026-05-09T23:57:40.652-03:00  INFO 10100 --- [projeto-livraria] [           main] c.l.api.controller.LivroControllerTest   : No active profile set, falling back to 1 default profile: "default"
2026-05-09T23:57:42.197-03:00  INFO 10100 --- [projeto-livraria] [           main] .s.d.r.c.RepositoryConfigurationDelegate : Bootstrapping Spring Data MongoDB repositories in DEFAULT mode.
2026-05-09T23:57:42.341-03:00  INFO 10100 --- [projeto-livraria] [           main] .s.d.r.c.RepositoryConfigurationDelegate : Finished Spring Data repository scanning in 126 ms. Found 2 MongoDB repository interfaces.
2026-05-09T23:57:44.051-03:00  INFO 10100 --- [projeto-livraria] [           main] o.s.b.w.embedded.tomcat.TomcatWebServer  : Tomcat initialized with port 0 (http)
2026-05-09T23:57:44.098-03:00  INFO 10100 --- [projeto-livraria] [           main] o.apache.catalina.core.StandardService   : Starting service [Tomcat]
2026-05-09T23:57:44.099-03:00  INFO 10100 --- [projeto-livraria] [           main] o.apache.catalina.core.StandardEngine    : Starting Servlet engine: [Apache Tomcat/10.1.16]
2026-05-09T23:57:44.361-03:00  INFO 10100 --- [projeto-livraria] [           main] o.a.c.c.C.[Tomcat].[localhost].[/]       : Initializing Spring embedded WebApplicationContext
2026-05-09T23:57:44.367-03:00  INFO 10100 --- [projeto-livraria] [           main] w.s.c.ServletWebServerApplicationContext : Root WebApplicationContext: initialization completed in 3663 ms
2026-05-09T23:57:45.231-03:00  INFO 10100 --- [projeto-livraria] [           main] org.mongodb.driver.client                : MongoClient with metadata {"driver": {"name": "mongo-java-driver|sync|spring-boot", "version": "4.11.1"}, "os": {"type": "Windows", "name": "Windows 11", "architecture": "amd64", "version": "10.0"}, "platform": "Java/Oracle Corporation/22.0.2+9-70"} created with settings MongoClientSettings{readPreference=primary, writeConcern=WriteConcern{w=null, wTimeout=null ms, journal=null}, retryWrites=true, retryReads=true, readConcern=ReadConcern{level=null}, credential=null, transportSettings=null, streamFactoryFactory=null, commandListeners=[], codecRegistry=ProvidersCodecRegistry{codecProviders=[ValueCodecProvider{}, BsonValueCodecProvider{}, DBRefCodecProvider{}, DBObjectCodecProvider{}, DocumentCodecProvider{}, CollectionCodecProvider{}, IterableCodecProvider{}, MapCodecProvider{}, GeoJsonCodecProvider{}, GridFSFileCodecProvider{}, Jsr310CodecProvider{}, JsonObjectCodecProvider{}, BsonCodecProvider{}, EnumCodecProvider{}, com.mongodb.client.model.mql.ExpressionCodecProvider@3243b967, com.mongodb.Jep395RecordCodecProvider@39055e0d, com.mongodb.KotlinCodecProvider@66e56837]}, loggerSettings=LoggerSettings{maxDocumentLength=1000}, clusterSettings={hosts=[localhost:50230], srvServiceName=mongodb, mode=SINGLE, requiredClusterType=UNKNOWN, requiredReplicaSetName='null', serverSelector='null', clusterListeners='[]', serverSelectionTimeout='30000 ms', localThreshold='15 ms'}, socketSettings=SocketSettings{connectTimeoutMS=10000, readTimeoutMS=0, receiveBufferSize=0, proxySettings=ProxySettings{host=null, port=null, username=null, password=null}}, heartbeatSocketSettings=SocketSettings{connectTimeoutMS=10000, readTimeoutMS=10000, receiveBufferSize=0, proxySettings=ProxySettings{host=null, port=null, username=null, password=null}}, connectionPoolSettings=ConnectionPoolSettings{maxSize=100, minSize=0, maxWaitTimeMS=120000, maxConnectionLifeTimeMS=0, maxConnectionIdleTimeMS=0, maintenanceInitialDelayMS=0, maintenanceFrequencyMS=60000, connectionPoolListeners=[], maxConnecting=2}, serverSettings=ServerSettings{heartbeatFrequencyMS=10000, minHeartbeatFrequencyMS=500, serverListeners='[]', serverMonitorListeners='[]'}, sslSettings=SslSettings{enabled=false, invalidHostNameAllowed=false, context=null}, applicationName='null', compressorList=[], uuidRepresentation=JAVA_LEGACY, serverApi=null, autoEncryptionSettings=null, dnsClient=null, inetAddressResolver=null, contextProvider=null}
2026-05-09T23:57:45.329-03:00  INFO 10100 --- [projeto-livraria] [localhost:50230] org.mongodb.driver.cluster               : Monitor thread successfully connected to server with description ServerDescription{address=localhost:50230, type=REPLICA_SET_PRIMARY, state=CONNECTED, ok=true, minWireVersion=0, maxWireVersion=17, maxDocumentSize=16777216, logicalSessionTimeoutMinutes=30, roundTripTimeNanos=85044200, setName='docker-rs', canonicalAddress=4430a21643a8:27017, hosts=[4430a21643a8:27017], passives=[], arbiters=[], primary='4430a21643a8:27017', tagSet=TagSet{[]}, electionId=7fffffff0000000000000001, setVersion=1, topologyVersion=TopologyVersion{processId=69fff41e86ba1430c933d935, counter=6}, lastWriteDate=Sat May 09 23:57:39 BRT 2026, lastUpdateTimeNanos=18297564008500}
2026-05-09T23:57:46.305-03:00  WARN 10100 --- [projeto-livraria] [           main] .s.s.UserDetailsServiceAutoConfiguration : 

Using generated security password: c5a2d00b-4cca-4e01-983d-1c34de8d272b

This generated password is for development use only. Your security configuration must be updated before running your application in production.

2026-05-09T23:57:46.645-03:00  INFO 10100 --- [projeto-livraria] [           main] o.s.b.a.w.s.WelcomePageHandlerMapping    : Adding welcome page template: index
2026-05-09T23:57:47.058-03:00  INFO 10100 --- [projeto-livraria] [           main] o.s.s.web.DefaultSecurityFilterChain     : Will secure any request with [org.springframework.security.web.session.DisableEncodeUrlFilter@53c770b4, org.springframework.security.web.context.request.async.WebAsyncManagerIntegrationFilter@674916ae, org.springframework.security.web.context.SecurityContextHolderFilter@7f03fef2, org.springframework.security.web.header.HeaderWriterFilter@36901f79, org.springframework.web.filter.CorsFilter@77c60c78, org.springframework.security.web.savedrequest.RequestCacheAwareFilter@7cd006ea, org.springframework.security.web.servletapi.SecurityContextHolderAwareRequestFilter@ab90bbd, org.springframework.security.web.authentication.AnonymousAuthenticationFilter@1c6e96dd, org.springframework.security.web.access.ExceptionTranslationFilter@6266f63c, org.springframework.security.web.access.intercept.AuthorizationFilter@4f0f76b4]
2026-05-09T23:57:47.540-03:00  INFO 10100 --- [projeto-livraria] [           main] o.a.c.c.C.[Tomcat].[localhost].[/]       : Initializing Spring TestDispatcherServlet ''
2026-05-09T23:57:47.540-03:00  INFO 10100 --- [projeto-livraria] [           main] o.s.t.web.servlet.TestDispatcherServlet  : Initializing Servlet ''
2026-05-09T23:57:47.542-03:00  INFO 10100 --- [projeto-livraria] [           main] o.s.t.web.servlet.TestDispatcherServlet  : Completed initialization in 1 ms
2026-05-09T23:57:47.684-03:00  INFO 10100 --- [projeto-livraria] [           main] o.s.b.w.embedded.tomcat.TomcatWebServer  : Tomcat started on port 58775 (http) with context path ''
2026-05-09T23:57:47.693-03:00  INFO 10100 --- [projeto-livraria] [           main] c.l.api.controller.LivroControllerTest   : Started LivroControllerTest in 8.119 seconds (process running for 24.612)
2026-05-09T23:57:50.164-03:00  WARN 10100 --- [projeto-livraria] [           main] o.s.w.s.h.HandlerMappingIntrospector     : Cache miss for REQUEST dispatch to '/deletar/69fff42e13e4491b31686ab8' (previous null). Performing CorsConfiguration lookup. This is logged once only at WARN level, and every time at TRACE.
]]></system-out>
    <system-err><![CDATA[WARNING: A Java agent has been loaded dynamically (C:\Users\giuli\.m2\repository\net\bytebuddy\byte-buddy-agent\1.14.10\byte-buddy-agent-1.14.10.jar)
WARNING: If a serviceability tool is in use, please run with -XX:+EnableDynamicAgentLoading to hide this warning
WARNING: If a serviceability tool is not in use, please run with -Djdk.instrument.traceUsage for more information
WARNING: Dynamic loading of agents will be disallowed by default in a future release
]]></system-err>
  </testcase>
  <testcase name="deveRedirecionarHomeParaLoginSemSessao" classname="com.livraria.api.controller.LivroControllerTest" time="0.044"/>
  <testcase name="deveRetornarErroAoAtualizarLivroInvalido" classname="com.livraria.api.controller.LivroControllerTest" time="0.805"/>
  <testcase name="deveRetornarErroAoSalvarLivroInvalido" classname="com.livraria.api.controller.LivroControllerTest" time="0.059"/>
  <testcase name="deveRedirecionarAtualizarParaLoginSemSessao" classname="com.livraria.api.controller.LivroControllerTest" time="0.046"/>
  <testcase name="deveExibirHomeComLivrosDoUsuario" classname="com.livraria.api.controller.LivroControllerTest" time="0.197"/>
  <testcase name="deveRedirecionarNovoParaLoginSemSessao" classname="com.livraria.api.controller.LivroControllerTest" time="0.045"/>
  <testcase name="deveRedirecionarSalvarParaLoginSemSessao" classname="com.livraria.api.controller.LivroControllerTest" time="0.04"/>
  <testcase name="deveAtualizarLivroComSucesso" classname="com.livraria.api.controller.LivroControllerTest" time="0.109"/>
  <testcase name="deveRedirecionarDeletarParaLoginSemSessao" classname="com.livraria.api.controller.LivroControllerTest" time="0.04"/>
  <testcase name="deveSalvarLivroComSucesso" classname="com.livraria.api.controller.LivroControllerTest" time="0.06"/>
  <testcase name="deveExibirFormularioNovoLivro" classname="com.livraria.api.controller.LivroControllerTest" time="0.07"/>
  <testcase name="deveRedirecionarEditarParaLoginSemSessao" classname="com.livraria.api.controller.LivroControllerTest" time="0.039"/>
  <testcase name="deveExibirTelaEdicao" classname="com.livraria.api.controller.LivroControllerTest" time="0.074"/>
  <testcase name="deveRedirecionarAoEditarLivroInexistente" classname="com.livraria.api.controller.LivroControllerTest" time="0.047"/>
</testsuite>