<?xml version="1.0" encoding="UTF-8"?>
<testsuite xmlns:xsi="http://www.w3.org/2001/XMLSchema-instance" xsi:noNamespaceSchemaLocation="https://maven.apache.org/surefire/maven-surefire-plugin/xsd/surefire-test-report-3.0.xsd" version="3.0" name="com.livraria.api.controller.LivroRestControllerTest" time="11.388" tests="14" errors="0" skipped="0" failures="0">
  <properties>
[...]
</properties>
  <testcase name="deveDeletarLivroComSucesso" classname="com.livraria.api.controller.LivroRestControllerTest" time="0.231">
    <system-out><![CDATA[2026-05-14T18:48:29.659-03:00  INFO 788 --- [projeto-livraria] [           main] t.c.s.AnnotationConfigContextLoaderUtils : Could not detect default configuration classes for test class [com.livraria.api.controller.LivroRestControllerTest]: LivroRestControllerTest does not declare any static, non-private, non-final, nested classes annotated with @Configuration.
2026-05-14T18:48:29.676-03:00  INFO 788 --- [projeto-livraria] [           main] .b.t.c.SpringBootTestContextBootstrapper : Found @SpringBootConfiguration com.livraria.LivrariaApplication for test class com.livraria.api.controller.LivroRestControllerTest
2026-05-14T18:48:29.686-03:00  INFO 788 --- [projeto-livraria] [           main] tc.mongo:6.0                             : Creating container for image: mongo:6.0
2026-05-14T18:48:30.832-03:00  INFO 788 --- [projeto-livraria] [           main] tc.mongo:6.0                             : Container mongo:6.0 is starting: 1c428ea9b1962e77a6e01b4a53ee6933de3260d0f9021f68666cd6034901954b
2026-05-14T18:48:34.076-03:00  INFO 788 --- [projeto-livraria] [           main] tc.mongo:6.0                             : Container mongo:6.0 started in PT4.3899555S
2026-05-14T18:48:37.473-03:00  INFO 788 --- [projeto-livraria] [           main] o.s.b.d.r.RestartApplicationListener     : Restart disabled due to context in which it is running

  .   ____          _            __ _ _
 /\\ / ___'_ __ _ _(_)_ __  __ _ \ \ \ \
( ( )\___ | '_ | '_| | '_ \/ _` | \ \ \ \
 \\/  ___)| |_)| | | | | || (_| |  ) ) ) )
  '  |____| .__|_| |_|_| |_\__, | / / / /
 =========|_|==============|___/=/_/_/_/
 :: Spring Boot ::                (v3.2.0)

2026-05-14T18:48:37.537-03:00  INFO 788 --- [projeto-livraria] [           main] c.l.a.c.LivroRestControllerTest          : Starting LivroRestControllerTest using Java 22.0.2 with PID 788 (started by giuli in C:\Users\giuli\Downloads\Projeto QA\Projeto_Qualidade)
2026-05-14T18:48:37.538-03:00  INFO 788 --- [projeto-livraria] [           main] c.l.a.c.LivroRestControllerTest          : No active profile set, falling back to 1 default profile: "default"
2026-05-14T18:48:37.993-03:00  INFO 788 --- [projeto-livraria] [           main] .s.d.r.c.RepositoryConfigurationDelegate : Bootstrapping Spring Data MongoDB repositories in DEFAULT mode.
2026-05-14T18:48:38.037-03:00  INFO 788 --- [projeto-livraria] [           main] .s.d.r.c.RepositoryConfigurationDelegate : Finished Spring Data repository scanning in 43 ms. Found 2 MongoDB repository interfaces.
2026-05-14T18:48:38.286-03:00  INFO 788 --- [projeto-livraria] [localhost:53606] org.mongodb.driver.cluster               : Exception in monitor thread while connecting to server localhost:53606

com.mongodb.MongoSocketOpenException: Exception opening socket
	at com.mongodb.internal.connection.SocketStream.lambda$open$0(SocketStream.java:84) ~[mongodb-driver-core-4.11.1.jar:na]
	at java.base/java.util.Optional.orElseThrow(Optional.java:403) ~[na:na]
	at com.mongodb.internal.connection.SocketStream.open(SocketStream.java:84) ~[mongodb-driver-core-4.11.1.jar:na]
	at com.mongodb.internal.connection.InternalStreamConnection.open(InternalStreamConnection.java:211) ~[mongodb-driver-core-4.11.1.jar:na]
	at com.mongodb.internal.connection.DefaultServerMonitor$ServerMonitorRunnable.lookupServerDescription(DefaultServerMonitor.java:196) ~[mongodb-driver-core-4.11.1.jar:na]
	at com.mongodb.internal.connection.DefaultServerMonitor$ServerMonitorRunnable.run(DefaultServerMonitor.java:156) ~[mongodb-driver-core-4.11.1.jar:na]
	at java.base/java.lang.Thread.run(Thread.java:1570) ~[na:na]
Caused by: java.net.ConnectException: Connection refused: getsockopt
	at java.base/sun.nio.ch.Net.pollConnect(Native Method) ~[na:na]
	at java.base/sun.nio.ch.Net.pollConnectNow(Net.java:682) ~[na:na]
	at java.base/sun.nio.ch.NioSocketImpl.timedFinishConnect(NioSocketImpl.java:542) ~[na:na]
	at java.base/sun.nio.ch.NioSocketImpl.connect(NioSocketImpl.java:592) ~[na:na]
	at java.base/java.net.SocksSocketImpl.connect(SocksSocketImpl.java:327) ~[na:na]
	at java.base/java.net.Socket.connect(Socket.java:752) ~[na:na]
	at com.mongodb.internal.connection.SocketStreamHelper.initialize(SocketStreamHelper.java:76) ~[mongodb-driver-core-4.11.1.jar:na]
	at com.mongodb.internal.connection.SocketStream.initializeSocket(SocketStream.java:104) ~[mongodb-driver-core-4.11.1.jar:na]
	at com.mongodb.internal.connection.SocketStream.open(SocketStream.java:78) ~[mongodb-driver-core-4.11.1.jar:na]
	... 4 common frames omitted

2026-05-14T18:48:38.416-03:00  INFO 788 --- [projeto-livraria] [           main] o.s.b.w.embedded.tomcat.TomcatWebServer  : Tomcat initialized with port 0 (http)
2026-05-14T18:48:38.418-03:00  INFO 788 --- [projeto-livraria] [           main] o.apache.catalina.core.StandardService   : Starting service [Tomcat]
2026-05-14T18:48:38.422-03:00  INFO 788 --- [projeto-livraria] [           main] o.apache.catalina.core.StandardEngine    : Starting Servlet engine: [Apache Tomcat/10.1.16]
2026-05-14T18:48:38.519-03:00  INFO 788 --- [projeto-livraria] [           main] o.a.c.c.C.[Tomcat-1].[localhost].[/]     : Initializing Spring embedded WebApplicationContext
2026-05-14T18:48:38.519-03:00  INFO 788 --- [projeto-livraria] [           main] w.s.c.ServletWebServerApplicationContext : Root WebApplicationContext: initialization completed in 977 ms
2026-05-14T18:48:38.633-03:00  INFO 788 --- [projeto-livraria] [           main] org.mongodb.driver.client                : MongoClient with metadata {"driver": {"name": "mongo-java-driver|sync|spring-boot", "version": "4.11.1"}, "os": {"type": "Windows", "name": "Windows 11", "architecture": "amd64", "version": "10.0"}, "platform": "Java/Oracle Corporation/22.0.2+9-70"} created with settings MongoClientSettings{readPreference=primary, writeConcern=WriteConcern{w=null, wTimeout=null ms, journal=null}, retryWrites=true, retryReads=true, readConcern=ReadConcern{level=null}, credential=null, transportSettings=null, streamFactoryFactory=null, commandListeners=[], codecRegistry=ProvidersCodecRegistry{codecProviders=[ValueCodecProvider{}, BsonValueCodecProvider{}, DBRefCodecProvider{}, DBObjectCodecProvider{}, DocumentCodecProvider{}, CollectionCodecProvider{}, IterableCodecProvider{}, MapCodecProvider{}, GeoJsonCodecProvider{}, GridFSFileCodecProvider{}, Jsr310CodecProvider{}, JsonObjectCodecProvider{}, BsonCodecProvider{}, EnumCodecProvider{}, com.mongodb.client.model.mql.ExpressionCodecProvider@12cd321d, com.mongodb.Jep395RecordCodecProvider@7c060680, com.mongodb.KotlinCodecProvider@4e80ba38]}, loggerSettings=LoggerSettings{maxDocumentLength=1000}, clusterSettings={hosts=[localhost:58417], srvServiceName=mongodb, mode=SINGLE, requiredClusterType=UNKNOWN, requiredReplicaSetName='null', serverSelector='null', clusterListeners='[]', serverSelectionTimeout='30000 ms', localThreshold='15 ms'}, socketSettings=SocketSettings{connectTimeoutMS=10000, readTimeoutMS=0, receiveBufferSize=0, proxySettings=ProxySettings{host=null, port=null, username=null, password=null}}, heartbeatSocketSettings=SocketSettings{connectTimeoutMS=10000, readTimeoutMS=10000, receiveBufferSize=0, proxySettings=ProxySettings{host=null, port=null, username=null, password=null}}, connectionPoolSettings=ConnectionPoolSettings{maxSize=100, minSize=0, maxWaitTimeMS=120000, maxConnectionLifeTimeMS=0, maxConnectionIdleTimeMS=0, maintenanceInitialDelayMS=0, maintenanceFrequencyMS=60000, connectionPoolListeners=[], maxConnecting=2}, serverSettings=ServerSettings{heartbeatFrequencyMS=10000, minHeartbeatFrequencyMS=500, serverListeners='[]', serverMonitorListeners='[]'}, sslSettings=SslSettings{enabled=false, invalidHostNameAllowed=false, context=null}, applicationName='null', compressorList=[], uuidRepresentation=JAVA_LEGACY, serverApi=null, autoEncryptionSettings=null, dnsClient=null, inetAddressResolver=null, contextProvider=null}
2026-05-14T18:48:38.646-03:00  INFO 788 --- [projeto-livraria] [localhost:58417] org.mongodb.driver.cluster               : Monitor thread successfully connected to server with description ServerDescription{address=localhost:58417, type=REPLICA_SET_PRIMARY, state=CONNECTED, ok=true, minWireVersion=0, maxWireVersion=17, maxDocumentSize=16777216, logicalSessionTimeoutMinutes=30, roundTripTimeNanos=12243200, setName='docker-rs', canonicalAddress=1c428ea9b196:27017, hosts=[1c428ea9b196:27017], passives=[], arbiters=[], primary='1c428ea9b196:27017', tagSet=TagSet{[]}, electionId=7fffffff0000000000000001, setVersion=1, topologyVersion=TopologyVersion{processId=6a06433039757ac136c4d6e1, counter=6}, lastWriteDate=Thu May 14 18:48:36 BRT 2026, lastUpdateTimeNanos=69575701361900}
2026-05-14T18:48:38.785-03:00  WARN 788 --- [projeto-livraria] [           main] .s.s.UserDetailsServiceAutoConfiguration : 

Using generated security password: aa39c904-67f0-4736-8055-d04abc687967

This generated password is for development use only. Your security configuration must be updated before running your application in production.

2026-05-14T18:48:38.806-03:00  INFO 788 --- [projeto-livraria] [           main] o.s.b.a.w.s.WelcomePageHandlerMapping    : Adding welcome page template: index
2026-05-14T18:48:38.911-03:00  INFO 788 --- [projeto-livraria] [           main] o.s.s.web.DefaultSecurityFilterChain     : Will secure any request with [org.springframework.security.web.session.DisableEncodeUrlFilter@5b17838a, org.springframework.security.web.context.request.async.WebAsyncManagerIntegrationFilter@6fcc06aa, org.springframework.security.web.context.SecurityContextHolderFilter@2fde59bd, org.springframework.security.web.header.HeaderWriterFilter@2ac5f82e, org.springframework.web.filter.CorsFilter@7fdef116, org.springframework.security.web.savedrequest.RequestCacheAwareFilter@6af4a822, org.springframework.security.web.servletapi.SecurityContextHolderAwareRequestFilter@26c265ab, org.springframework.security.web.authentication.AnonymousAuthenticationFilter@26e388a2, org.springframework.security.web.access.ExceptionTranslationFilter@669427d, org.springframework.security.web.access.intercept.AuthorizationFilter@4a327add]
2026-05-14T18:48:39.011-03:00  INFO 788 --- [projeto-livraria] [           main] o.a.c.c.C.[Tomcat-1].[localhost].[/]     : Initializing Spring TestDispatcherServlet ''
2026-05-14T18:48:39.011-03:00  INFO 788 --- [projeto-livraria] [           main] o.s.t.web.servlet.TestDispatcherServlet  : Initializing Servlet ''
2026-05-14T18:48:39.012-03:00  INFO 788 --- [projeto-livraria] [           main] o.s.t.web.servlet.TestDispatcherServlet  : Completed initialization in 1 ms
2026-05-14T18:48:39.037-03:00  INFO 788 --- [projeto-livraria] [           main] o.s.b.w.embedded.tomcat.TomcatWebServer  : Tomcat started on port 58421 (http) with context path ''
2026-05-14T18:48:39.043-03:00  INFO 788 --- [projeto-livraria] [           main] c.l.a.c.LivroRestControllerTest          : Started LivroRestControllerTest in 1.57 seconds (process running for 72.787)
2026-05-14T18:48:39.207-03:00  WARN 788 --- [projeto-livraria] [           main] o.s.w.s.h.HandlerMappingIntrospector     : Cache miss for REQUEST dispatch to '/api/livros/6a06433748b1aa1a97618e8b' (previous null). Performing CorsConfiguration lookup. This is logged once only at WARN level, and every time at TRACE.
]]></system-out>
  </testcase>
  <testcase name="deveListarLivrosPorUsuario" classname="com.livraria.api.controller.LivroRestControllerTest" time="0.377"/>
  <testcase name="deveBuscarLivroPorId" classname="com.livraria.api.controller.LivroRestControllerTest" time="0.121"/>
  <testcase name="deveRetornarNotFoundAoBuscarLivroInexistente" classname="com.livraria.api.controller.LivroRestControllerTest" time="0.058"/>
  <testcase name="deveRetornarBadRequestAoAtualizarLivroInvalido" classname="com.livraria.api.controller.LivroRestControllerTest" time="0.109"/>
  <testcase name="deveRetornarBadRequestAoDeletarComIdInvalido" classname="com.livraria.api.controller.LivroRestControllerTest" time="0.016"/>
  <testcase name="deveRetornarBadRequestAoAtualizarComIdInvalido" classname="com.livraria.api.controller.LivroRestControllerTest" time="0.012"/>
  <testcase name="deveAtualizarLivroComSucesso" classname="com.livraria.api.controller.LivroRestControllerTest" time="0.052"/>
  <testcase name="deveRetornarBadRequestAoBuscarComIdInvalido" classname="com.livraria.api.controller.LivroRestControllerTest" time="0.028"/>
  <testcase name="deveCriarLivroComSucesso" classname="com.livraria.api.controller.LivroRestControllerTest" time="0.06"/>
  <testcase name="deveRetornarNotFoundAoAtualizarLivroInexistente" classname="com.livraria.api.controller.LivroRestControllerTest" time="0.034"/>
  <testcase name="deveRetornarNotFoundAoDeletarLivroInexistente" classname="com.livraria.api.controller.LivroRestControllerTest" time="0.021"/>
  <testcase name="deveRetornarBadRequestAoListarComUsuarioInvalido" classname="com.livraria.api.controller.LivroRestControllerTest" time="0.011"/>
  <testcase name="deveRetornarBadRequestAoCriarLivroInvalido" classname="com.livraria.api.controller.LivroRestControllerTest" time="0.015"/>
</testsuite>