<?xml version="1.0" encoding="UTF-8"?>
<testsuite xmlns:xsi="http://www.w3.org/2001/XMLSchema-instance" xsi:noNamespaceSchemaLocation="https://maven.apache.org/surefire/maven-surefire-plugin/xsd/surefire-test-report-3.0.xsd" version="3.0" name="com.livraria.api.controller.UsuarioControllerTest" time="8.003" tests="8" errors="0" skipped="0" failures="0">
  <properties>
[...]
</properties>
  <testcase name="deveRetornarErroAoFazerLoginInvalido" classname="com.livraria.api.controller.UsuarioControllerTest" time="0.089">
    <system-out><![CDATA[2026-05-14T17:56:05.743-03:00  INFO 17284 --- [projeto-livraria] [           main] t.c.s.AnnotationConfigContextLoaderUtils : Could not detect default configuration classes for test class [com.livraria.api.controller.UsuarioControllerTest]: UsuarioControllerTest does not declare any static, non-private, non-final, nested classes annotated with @Configuration.
2026-05-14T17:56:05.755-03:00  INFO 17284 --- [projeto-livraria] [           main] .b.t.c.SpringBootTestContextBootstrapper : Found @SpringBootConfiguration com.livraria.LivrariaApplication for test class com.livraria.api.controller.UsuarioControllerTest
2026-05-14T17:56:05.764-03:00  INFO 17284 --- [projeto-livraria] [           main] tc.mongo:6.0                             : Creating container for image: mongo:6.0
2026-05-14T17:56:06.223-03:00  INFO 17284 --- [projeto-livraria] [           main] tc.mongo:6.0                             : Container mongo:6.0 is starting: 2003ab455afb72231a8ad9b057cb2af7790eaeca276769f0d6d802ce3a299cde
2026-05-14T17:56:08.268-03:00  INFO 17284 --- [projeto-livraria] [           main] tc.mongo:6.0                             : Container mongo:6.0 started in PT2.5041177S
2026-05-14T17:56:11.291-03:00  INFO 17284 --- [projeto-livraria] [           main] o.s.b.d.r.RestartApplicationListener     : Restart disabled due to context in which it is running

  .   ____          _            __ _ _
 /\\ / ___'_ __ _ _(_)_ __  __ _ \ \ \ \
( ( )\___ | '_ | '_| | '_ \/ _` | \ \ \ \
 \\/  ___)| |_)| | | | | || (_| |  ) ) ) )
  '  |____| .__|_| |_|_| |_\__, | / / / /
 =========|_|==============|___/=/_/_/_/
 :: Spring Boot ::                (v3.2.0)

2026-05-14T17:56:11.341-03:00  INFO 17284 --- [projeto-livraria] [           main] c.l.a.controller.UsuarioControllerTest   : Starting UsuarioControllerTest using Java 22.0.2 with PID 17284 (started by giuli in C:\Users\giuli\Downloads\Projeto QA\Projeto_Qualidade)
2026-05-14T17:56:11.341-03:00  INFO 17284 --- [projeto-livraria] [           main] c.l.a.controller.UsuarioControllerTest   : No active profile set, falling back to 1 default profile: "default"
2026-05-14T17:56:11.714-03:00  INFO 17284 --- [projeto-livraria] [           main] .s.d.r.c.RepositoryConfigurationDelegate : Bootstrapping Spring Data MongoDB repositories in DEFAULT mode.
2026-05-14T17:56:11.736-03:00  INFO 17284 --- [projeto-livraria] [           main] .s.d.r.c.RepositoryConfigurationDelegate : Finished Spring Data repository scanning in 22 ms. Found 2 MongoDB repository interfaces.
2026-05-14T17:56:11.900-03:00  INFO 17284 --- [projeto-livraria] [           main] o.s.b.w.embedded.tomcat.TomcatWebServer  : Tomcat initialized with port 0 (http)
2026-05-14T17:56:11.901-03:00  INFO 17284 --- [projeto-livraria] [           main] o.apache.catalina.core.StandardService   : Starting service [Tomcat]
2026-05-14T17:56:11.902-03:00  INFO 17284 --- [projeto-livraria] [           main] o.apache.catalina.core.StandardEngine    : Starting Servlet engine: [Apache Tomcat/10.1.16]
2026-05-14T17:56:11.992-03:00  INFO 17284 --- [projeto-livraria] [           main] o.a.c.c.C.[Tomcat-2].[localhost].[/]     : Initializing Spring embedded WebApplicationContext
2026-05-14T17:56:11.993-03:00  INFO 17284 --- [projeto-livraria] [           main] w.s.c.ServletWebServerApplicationContext : Root WebApplicationContext: initialization completed in 648 ms
2026-05-14T17:56:12.104-03:00  INFO 17284 --- [projeto-livraria] [           main] org.mongodb.driver.client                : MongoClient with metadata {"driver": {"name": "mongo-java-driver|sync|spring-boot", "version": "4.11.1"}, "os": {"type": "Windows", "name": "Windows 11", "architecture": "amd64", "version": "10.0"}, "platform": "Java/Oracle Corporation/22.0.2+9-70"} created with settings MongoClientSettings{readPreference=primary, writeConcern=WriteConcern{w=null, wTimeout=null ms, journal=null}, retryWrites=true, retryReads=true, readConcern=ReadConcern{level=null}, credential=null, transportSettings=null, streamFactoryFactory=null, commandListeners=[], codecRegistry=ProvidersCodecRegistry{codecProviders=[ValueCodecProvider{}, BsonValueCodecProvider{}, DBRefCodecProvider{}, DBObjectCodecProvider{}, DocumentCodecProvider{}, CollectionCodecProvider{}, IterableCodecProvider{}, MapCodecProvider{}, GeoJsonCodecProvider{}, GridFSFileCodecProvider{}, Jsr310CodecProvider{}, JsonObjectCodecProvider{}, BsonCodecProvider{}, EnumCodecProvider{}, com.mongodb.client.model.mql.ExpressionCodecProvider@3f81872b, com.mongodb.Jep395RecordCodecProvider@749bbb99, com.mongodb.KotlinCodecProvider@355bffcf]}, loggerSettings=LoggerSettings{maxDocumentLength=1000}, clusterSettings={hosts=[localhost:65190], srvServiceName=mongodb, mode=SINGLE, requiredClusterType=UNKNOWN, requiredReplicaSetName='null', serverSelector='null', clusterListeners='[]', serverSelectionTimeout='30000 ms', localThreshold='15 ms'}, socketSettings=SocketSettings{connectTimeoutMS=10000, readTimeoutMS=0, receiveBufferSize=0, proxySettings=ProxySettings{host=null, port=null, username=null, password=null}}, heartbeatSocketSettings=SocketSettings{connectTimeoutMS=10000, readTimeoutMS=10000, receiveBufferSize=0, proxySettings=ProxySettings{host=null, port=null, username=null, password=null}}, connectionPoolSettings=ConnectionPoolSettings{maxSize=100, minSize=0, maxWaitTimeMS=120000, maxConnectionLifeTimeMS=0, maxConnectionIdleTimeMS=0, maintenanceInitialDelayMS=0, maintenanceFrequencyMS=60000, connectionPoolListeners=[], maxConnecting=2}, serverSettings=ServerSettings{heartbeatFrequencyMS=10000, minHeartbeatFrequencyMS=500, serverListeners='[]', serverMonitorListeners='[]'}, sslSettings=SslSettings{enabled=false, invalidHostNameAllowed=false, context=null}, applicationName='null', compressorList=[], uuidRepresentation=JAVA_LEGACY, serverApi=null, autoEncryptionSettings=null, dnsClient=null, inetAddressResolver=null, contextProvider=null}
2026-05-14T17:56:12.119-03:00  INFO 17284 --- [projeto-livraria] [localhost:65190] org.mongodb.driver.cluster               : Monitor thread successfully connected to server with description ServerDescription{address=localhost:65190, type=REPLICA_SET_PRIMARY, state=CONNECTED, ok=true, minWireVersion=0, maxWireVersion=17, maxDocumentSize=16777216, logicalSessionTimeoutMinutes=30, roundTripTimeNanos=12014400, setName='docker-rs', canonicalAddress=2003ab455afb:27017, hosts=[2003ab455afb:27017], passives=[], arbiters=[], primary='2003ab455afb:27017', tagSet=TagSet{[]}, electionId=7fffffff0000000000000001, setVersion=1, topologyVersion=TopologyVersion{processId=6a0636e6a7de8627de1868d7, counter=6}, lastWriteDate=Thu May 14 17:56:10 BRT 2026, lastUpdateTimeNanos=66429174321300}
2026-05-14T17:56:12.240-03:00  WARN 17284 --- [projeto-livraria] [           main] .s.s.UserDetailsServiceAutoConfiguration : 

Using generated security password: c0b72a2e-882e-4329-b636-6d6b52a56465

This generated password is for development use only. Your security configuration must be updated before running your application in production.

2026-05-14T17:56:12.258-03:00  INFO 17284 --- [projeto-livraria] [           main] o.s.b.a.w.s.WelcomePageHandlerMapping    : Adding welcome page template: index
2026-05-14T17:56:12.347-03:00  INFO 17284 --- [projeto-livraria] [           main] o.s.s.web.DefaultSecurityFilterChain     : Will secure any request with [org.springframework.security.web.session.DisableEncodeUrlFilter@53e077cb, org.springframework.security.web.context.request.async.WebAsyncManagerIntegrationFilter@160b430b, org.springframework.security.web.context.SecurityContextHolderFilter@52e2e8bb, org.springframework.security.web.header.HeaderWriterFilter@20b60f8c, org.springframework.web.filter.CorsFilter@1841c0b1, org.springframework.security.web.savedrequest.RequestCacheAwareFilter@7edc8a5f, org.springframework.security.web.servletapi.SecurityContextHolderAwareRequestFilter@35117794, org.springframework.security.web.authentication.AnonymousAuthenticationFilter@6b85727c, org.springframework.security.web.access.ExceptionTranslationFilter@412144f4, org.springframework.security.web.access.intercept.AuthorizationFilter@5fc59e43]
2026-05-14T17:56:12.440-03:00  INFO 17284 --- [projeto-livraria] [           main] o.a.c.c.C.[Tomcat-2].[localhost].[/]     : Initializing Spring TestDispatcherServlet ''
2026-05-14T17:56:12.440-03:00  INFO 17284 --- [projeto-livraria] [           main] o.s.t.web.servlet.TestDispatcherServlet  : Initializing Servlet ''
2026-05-14T17:56:12.442-03:00  INFO 17284 --- [projeto-livraria] [           main] o.s.t.web.servlet.TestDispatcherServlet  : Completed initialization in 1 ms
2026-05-14T17:56:12.465-03:00  INFO 17284 --- [projeto-livraria] [           main] o.s.b.w.embedded.tomcat.TomcatWebServer  : Tomcat started on port 60278 (http) with context path ''
2026-05-14T17:56:12.469-03:00  INFO 17284 --- [projeto-livraria] [           main] c.l.a.controller.UsuarioControllerTest   : Started UsuarioControllerTest in 1.179 seconds (process running for 50.266)
2026-05-14T17:56:12.505-03:00  WARN 17284 --- [projeto-livraria] [           main] o.s.w.s.h.HandlerMappingIntrospector     : Cache miss for REQUEST dispatch to '/login' (previous null). Performing CorsConfiguration lookup. This is logged once only at WARN level, and every time at TRACE.
]]></system-out>
  </testcase>
  <testcase name="deveFazerLogoutERedirecionarParaLogin" classname="com.livraria.api.controller.UsuarioControllerTest" time="0.022"/>
  <testcase name="deveExibirPaginaCadastro" classname="com.livraria.api.controller.UsuarioControllerTest" time="0.034"/>
  <testcase name="deveExibirLoginNaRotaLogin" classname="com.livraria.api.controller.UsuarioControllerTest" time="0.021"/>
  <testcase name="deveFazerLoginComSucesso" classname="com.livraria.api.controller.UsuarioControllerTest" time="0.357"/>
  <testcase name="deveRetornarErroAoCadastrarUsuarioInvalido" classname="com.livraria.api.controller.UsuarioControllerTest" time="0.024"/>
  <testcase name="deveCadastrarUsuarioComSucesso" classname="com.livraria.api.controller.UsuarioControllerTest" time="0.115"/>
  <testcase name="deveExibirLoginNaRaiz" classname="com.livraria.api.controller.UsuarioControllerTest" time="0.019"/>
</testsuite>