<?xml version="1.0" encoding="UTF-8"?>
<testsuite xmlns:xsi="http://www.w3.org/2001/XMLSchema-instance" xsi:noNamespaceSchemaLocation="https://maven.apache.org/surefire/maven-surefire-plugin/xsd/surefire-test-report-3.0.xsd" version="3.0" name="com.livraria.api.controller.UsuarioRestControllerTest" time="7.201" tests="13" errors="0" skipped="0" failures="0">
  <properties>
[...]
</properties>
  <testcase name="deveListarUsuariosSemExporSenhas" classname="com.livraria.api.controller.UsuarioRestControllerTest" time="0.365">
    <system-out><![CDATA[2026-05-13T23:17:47.090-03:00  INFO 22112 --- [projeto-livraria] [           main] t.c.s.AnnotationConfigContextLoaderUtils : Could not detect default configuration classes for test class [com.livraria.api.controller.UsuarioRestControllerTest]: UsuarioRestControllerTest does not declare any static, non-private, non-final, nested classes annotated with @Configuration.
2026-05-13T23:17:47.094-03:00  INFO 22112 --- [projeto-livraria] [           main] .b.t.c.SpringBootTestContextBootstrapper : Found @SpringBootConfiguration com.livraria.LivrariaApplication for test class com.livraria.api.controller.UsuarioRestControllerTest
2026-05-13T23:17:47.098-03:00  INFO 22112 --- [projeto-livraria] [           main] tc.mongo:6.0                             : Creating container for image: mongo:6.0
2026-05-13T23:17:47.412-03:00  INFO 22112 --- [projeto-livraria] [           main] tc.mongo:6.0                             : Container mongo:6.0 is starting: 038ac7b043ddd5827e6887a25016b7c47669382bfcd772aaba4ab2f766aea34f
2026-05-13T23:17:48.999-03:00  INFO 22112 --- [projeto-livraria] [           main] tc.mongo:6.0                             : Container mongo:6.0 started in PT1.9017968S
2026-05-13T23:17:50.146-03:00  INFO 22112 --- [projeto-livraria] [localhost:54364] org.mongodb.driver.cluster               : Exception in monitor thread while connecting to server localhost:54364

com.mongodb.MongoSocketOpenException: Exception opening socket
	at com.mongodb.internal.connection.SocketStream.lambda$open$0(SocketStream.java:84) ~[mongodb-driver-core-4.11.1.jar:na]
	at java.base/java.util.Optional.orElseThrow(Optional.java:403) ~[na:na]
	at com.mongodb.internal.connection.SocketStream.open(SocketStream.java:84) ~[mongodb-driver-core-4.11.1.jar:na]
	at com.mongodb.internal.connection.InternalStreamConnection.open(InternalStreamConnection.java:211) ~[mongodb-driver-core-4.11.1.jar:na]
	at com.mongodb.internal.connection.DefaultServerMonitor$ServerMonitorRunnable.lookupServerDescription(DefaultServerMonitor.java:196) ~[mongodb-driver-core-4.11.1.jar:na]
	at com.mongodb.internal.connection.DefaultServerMonitor$ServerMonitorRunnable.run(DefaultServerMonitor.java:156) ~[mongodb-driver-core-4.11.1.jar:na]
	at java.base/java.lang.Thread.run(Thread.java:1570) ~[na:na]
Caused by: java.net.ConnectException: Connection refused: getsockopt
	at java.base/sun.nio.ch.Net.pollConnect(Native Method) ~[na:na]
	at java.base/sun.nio.ch.Net.pollConnectNow(Net.java:682) ~[na:na]
	at java.base/sun.nio.ch.NioSocketImpl.timedFinishConnect(NioSocketImpl.java:542) ~[na:na]
	at java.base/sun.nio.ch.NioSocketImpl.connect(NioSocketImpl.java:592) ~[na:na]
	at java.base/java.net.SocksSocketImpl.connect(SocksSocketImpl.java:327) ~[na:na]
	at java.base/java.net.Socket.connect(Socket.java:752) ~[na:na]
	at com.mongodb.internal.connection.SocketStreamHelper.initialize(SocketStreamHelper.java:76) ~[mongodb-driver-core-4.11.1.jar:na]
	at com.mongodb.internal.connection.SocketStream.initializeSocket(SocketStream.java:104) ~[mongodb-driver-core-4.11.1.jar:na]
	at com.mongodb.internal.connection.SocketStream.open(SocketStream.java:78) ~[mongodb-driver-core-4.11.1.jar:na]
	... 4 common frames omitted

2026-05-13T23:17:51.329-03:00  INFO 22112 --- [projeto-livraria] [           main] o.s.b.d.r.RestartApplicationListener     : Restart disabled due to context in which it is running

  .   ____          _            __ _ _
 /\\ / ___'_ __ _ _(_)_ __  __ _ \ \ \ \
( ( )\___ | '_ | '_| | '_ \/ _` | \ \ \ \
 \\/  ___)| |_)| | | | | || (_| |  ) ) ) )
  '  |____| .__|_| |_|_| |_\__, | / / / /
 =========|_|==============|___/=/_/_/_/
 :: Spring Boot ::                (v3.2.0)

2026-05-13T23:17:51.362-03:00  INFO 22112 --- [projeto-livraria] [           main] c.l.a.c.UsuarioRestControllerTest        : Starting UsuarioRestControllerTest using Java 22.0.2 with PID 22112 (started by giuli in C:\Users\giuli\Downloads\Projeto QA\Projeto_Qualidade)
2026-05-13T23:17:51.363-03:00  INFO 22112 --- [projeto-livraria] [           main] c.l.a.c.UsuarioRestControllerTest        : No active profile set, falling back to 1 default profile: "default"
2026-05-13T23:17:51.602-03:00  INFO 22112 --- [projeto-livraria] [           main] .s.d.r.c.RepositoryConfigurationDelegate : Bootstrapping Spring Data MongoDB repositories in DEFAULT mode.
2026-05-13T23:17:51.619-03:00  INFO 22112 --- [projeto-livraria] [           main] .s.d.r.c.RepositoryConfigurationDelegate : Finished Spring Data repository scanning in 15 ms. Found 2 MongoDB repository interfaces.
2026-05-13T23:17:51.805-03:00  INFO 22112 --- [projeto-livraria] [           main] o.s.b.w.embedded.tomcat.TomcatWebServer  : Tomcat initialized with port 0 (http)
2026-05-13T23:17:51.806-03:00  INFO 22112 --- [projeto-livraria] [           main] o.apache.catalina.core.StandardService   : Starting service [Tomcat]
2026-05-13T23:17:51.807-03:00  INFO 22112 --- [projeto-livraria] [           main] o.apache.catalina.core.StandardEngine    : Starting Servlet engine: [Apache Tomcat/10.1.16]
2026-05-13T23:17:51.845-03:00  INFO 22112 --- [projeto-livraria] [           main] o.a.c.c.C.[Tomcat-3].[localhost].[/]     : Initializing Spring embedded WebApplicationContext
2026-05-13T23:17:51.845-03:00  INFO 22112 --- [projeto-livraria] [           main] w.s.c.ServletWebServerApplicationContext : Root WebApplicationContext: initialization completed in 477 ms
2026-05-13T23:17:51.888-03:00  INFO 22112 --- [projeto-livraria] [           main] org.mongodb.driver.client                : MongoClient with metadata {"driver": {"name": "mongo-java-driver|sync|spring-boot", "version": "4.11.1"}, "os": {"type": "Windows", "name": "Windows 11", "architecture": "amd64", "version": "10.0"}, "platform": "Java/Oracle Corporation/22.0.2+9-70"} created with settings MongoClientSettings{readPreference=primary, writeConcern=WriteConcern{w=null, wTimeout=null ms, journal=null}, retryWrites=true, retryReads=true, readConcern=ReadConcern{level=null}, credential=null, transportSettings=null, streamFactoryFactory=null, commandListeners=[], codecRegistry=ProvidersCodecRegistry{codecProviders=[ValueCodecProvider{}, BsonValueCodecProvider{}, DBRefCodecProvider{}, DBObjectCodecProvider{}, DocumentCodecProvider{}, CollectionCodecProvider{}, IterableCodecProvider{}, MapCodecProvider{}, GeoJsonCodecProvider{}, GridFSFileCodecProvider{}, Jsr310CodecProvider{}, JsonObjectCodecProvider{}, BsonCodecProvider{}, EnumCodecProvider{}, com.mongodb.client.model.mql.ExpressionCodecProvider@318a2e9f, com.mongodb.Jep395RecordCodecProvider@7536dc3b, com.mongodb.KotlinCodecProvider@2f0fa056]}, loggerSettings=LoggerSettings{maxDocumentLength=1000}, clusterSettings={hosts=[localhost:59108], srvServiceName=mongodb, mode=SINGLE, requiredClusterType=UNKNOWN, requiredReplicaSetName='null', serverSelector='null', clusterListeners='[]', serverSelectionTimeout='30000 ms', localThreshold='15 ms'}, socketSettings=SocketSettings{connectTimeoutMS=10000, readTimeoutMS=0, receiveBufferSize=0, proxySettings=ProxySettings{host=null, port=null, username=null, password=null}}, heartbeatSocketSettings=SocketSettings{connectTimeoutMS=10000, readTimeoutMS=10000, receiveBufferSize=0, proxySettings=ProxySettings{host=null, port=null, username=null, password=null}}, connectionPoolSettings=ConnectionPoolSettings{maxSize=100, minSize=0, maxWaitTimeMS=120000, maxConnectionLifeTimeMS=0, maxConnectionIdleTimeMS=0, maintenanceInitialDelayMS=0, maintenanceFrequencyMS=60000, connectionPoolListeners=[], maxConnecting=2}, serverSettings=ServerSettings{heartbeatFrequencyMS=10000, minHeartbeatFrequencyMS=500, serverListeners='[]', serverMonitorListeners='[]'}, sslSettings=SslSettings{enabled=false, invalidHostNameAllowed=false, context=null}, applicationName='null', compressorList=[], uuidRepresentation=JAVA_LEGACY, serverApi=null, autoEncryptionSettings=null, dnsClient=null, inetAddressResolver=null, contextProvider=null}
2026-05-13T23:17:51.914-03:00  INFO 22112 --- [projeto-livraria] [localhost:59108] org.mongodb.driver.cluster               : Monitor thread successfully connected to server with description ServerDescription{address=localhost:59108, type=REPLICA_SET_PRIMARY, state=CONNECTED, ok=true, minWireVersion=0, maxWireVersion=17, maxDocumentSize=16777216, logicalSessionTimeoutMinutes=30, roundTripTimeNanos=23534200, setName='docker-rs', canonicalAddress=038ac7b043dd:27017, hosts=[038ac7b043dd:27017], passives=[], arbiters=[], primary='038ac7b043dd:27017', tagSet=TagSet{[]}, electionId=7fffffff0000000000000001, setVersion=1, topologyVersion=TopologyVersion{processId=6a0530cbe3d39f97c7e3075e, counter=6}, lastWriteDate=Wed May 13 23:17:51 BRT 2026, lastUpdateTimeNanos=2553026395200}
2026-05-13T23:17:51.968-03:00  WARN 22112 --- [projeto-livraria] [           main] .s.s.UserDetailsServiceAutoConfiguration : 

Using generated security password: f4aba9de-10c8-4ad6-af96-87afbbaac0b0

This generated password is for development use only. Your security configuration must be updated before running your application in production.

2026-05-13T23:17:51.978-03:00  INFO 22112 --- [projeto-livraria] [           main] o.s.b.a.w.s.WelcomePageHandlerMapping    : Adding welcome page template: index
2026-05-13T23:17:52.043-03:00  INFO 22112 --- [projeto-livraria] [           main] o.s.s.web.DefaultSecurityFilterChain     : Will secure any request with [org.springframework.security.web.session.DisableEncodeUrlFilter@7befbc36, org.springframework.security.web.context.request.async.WebAsyncManagerIntegrationFilter@3b40d22d, org.springframework.security.web.context.SecurityContextHolderFilter@74f75a39, org.springframework.security.web.header.HeaderWriterFilter@50c07d65, org.springframework.web.filter.CorsFilter@47f389ca, org.springframework.security.web.savedrequest.RequestCacheAwareFilter@7ffa145a, org.springframework.security.web.servletapi.SecurityContextHolderAwareRequestFilter@617cfbb6, org.springframework.security.web.authentication.AnonymousAuthenticationFilter@243ebbbe, org.springframework.security.web.access.ExceptionTranslationFilter@479b206b, org.springframework.security.web.access.intercept.AuthorizationFilter@340ae49e]
2026-05-13T23:17:52.100-03:00  INFO 22112 --- [projeto-livraria] [           main] o.a.c.c.C.[Tomcat-3].[localhost].[/]     : Initializing Spring TestDispatcherServlet ''
2026-05-13T23:17:52.100-03:00  INFO 22112 --- [projeto-livraria] [           main] o.s.t.web.servlet.TestDispatcherServlet  : Initializing Servlet ''
2026-05-13T23:17:52.101-03:00  INFO 22112 --- [projeto-livraria] [           main] o.s.t.web.servlet.TestDispatcherServlet  : Completed initialization in 1 ms
2026-05-13T23:17:52.121-03:00  INFO 22112 --- [projeto-livraria] [           main] o.s.b.w.embedded.tomcat.TomcatWebServer  : Tomcat started on port 59112 (http) with context path ''
2026-05-13T23:17:52.124-03:00  INFO 22112 --- [projeto-livraria] [           main] c.l.a.c.UsuarioRestControllerTest        : Started UsuarioRestControllerTest in 0.795 seconds (process running for 68.806)
2026-05-13T23:17:52.474-03:00  WARN 22112 --- [projeto-livraria] [           main] o.s.w.s.h.HandlerMappingIntrospector     : Cache miss for REQUEST dispatch to '/api/usuarios' (previous null). Performing CorsConfiguration lookup. This is logged once only at WARN level, and every time at TRACE.
]]></system-out>
  </testcase>
  <testcase name="deveCriarUsuarioComSucessoESemExporSenha" classname="com.livraria.api.controller.UsuarioRestControllerTest" time="0.107"/>
  <testcase name="deveBuscarUsuarioPorIdSemExporSenha" classname="com.livraria.api.controller.UsuarioRestControllerTest" time="0.129"/>
  <testcase name="deveAtualizarUsuarioComSucesso" classname="com.livraria.api.controller.UsuarioRestControllerTest" time="0.224"/>
  <testcase name="deveRetornarNotFoundAoDeletarUsuarioInexistente" classname="com.livraria.api.controller.UsuarioRestControllerTest" time="0.041"/>
  <testcase name="deveRetornarBadRequestAoCriarUsuarioInvalido" classname="com.livraria.api.controller.UsuarioRestControllerTest" time="0.013"/>
  <testcase name="deveRetornarBadRequestAoAtualizarUsuarioInvalido" classname="com.livraria.api.controller.UsuarioRestControllerTest" time="0.114"/>
  <testcase name="deveRetornarUnauthorizedQuandoLoginInvalido" classname="com.livraria.api.controller.UsuarioRestControllerTest" time="0.19"/>
  <testcase name="deveDeletarUsuarioComSucesso" classname="com.livraria.api.controller.UsuarioRestControllerTest" time="0.121"/>
  <testcase name="deveFazerLoginComSucessoSemExporSenha" classname="com.livraria.api.controller.UsuarioRestControllerTest" time="0.167"/>
  <testcase name="deveRetornarNotFoundAoAtualizarUsuarioInexistente" classname="com.livraria.api.controller.UsuarioRestControllerTest" time="0.015"/>
  <testcase name="deveRetornarBadRequestAoCriarUsuarioComEmailDuplicado" classname="com.livraria.api.controller.UsuarioRestControllerTest" time="0.109"/>
  <testcase name="deveRetornarNotFoundAoBuscarUsuarioInexistente" classname="com.livraria.api.controller.UsuarioRestControllerTest" time="0.017"/>
</testsuite>